2025-09-28T15:28:30.025060Z  Zoxxer: start
2025-09-28T15:28:30.025408Z  startup: begin
2025-09-28T15:28:32.320634Z  helper-files: created ['ZOXXER_README.txt', 'zoxxer_firewall_suggestions.txt', 'zoxxer_config.json']
2025-09-28T15:28:34.475214Z  advscan: start
2025-09-28T15:28:34.539030Z  advanced-scan: found 120 suspicious items
2025-09-28T15:28:39.284783Z  advscan: needing elevation
2025-09-28T15:28:41.715917Z  Zoxxer: start
2025-09-28T15:28:41.716155Z  startup: begin
2025-09-28T15:28:41.716412Z  advscan: start
2025-09-28T15:28:41.744952Z  advanced-scan: found 120 suspicious items
2025-09-28T15:28:47.883329Z  advscan: deleting C:\Users\phili\.vscode\extensions\actboy168.lua-debug-2.1.1-win32-x64\bin\concrt140.dll
2025-09-28T15:28:47.891945Z  secure-delete: C:\Users\phili\.vscode\extensions\actboy168.lua-debug-2.1.1-win32-x64\bin\concrt140.dll
2025-09-28T15:28:48.092829Z  advscan: deleting C:\Users\phili\.vscode\extensions\actboy168.lua-debug-2.1.1-win32-x64\bin\launcher.x64.dll
2025-09-28T15:28:48.120097Z  secure-delete: C:\Users\phili\.vscode\extensions\actboy168.lua-debug-2.1.1-win32-x64\bin\launcher.x64.dll
2025-09-28T15:28:48.321196Z  advscan: deleting C:\Users\phili\.vscode\extensions\actboy168.lua-debug-2.1.1-win32-x64\bin\launcher.x86.dll
2025-09-28T15:28:48.348515Z  secure-delete: C:\Users\phili\.vscode\extensions\actboy168.lua-debug-2.1.1-win32-x64\bin\launcher.x86.dll
2025-09-28T15:28:48.549485Z  advscan: deleting C:\Users\phili\.vscode\extensions\actboy168.lua-debug-2.1.1-win32-x64\bin\lua-debug.exe
2025-09-28T15:28:48.557820Z  secure-delete: C:\Users\phili\.vscode\extensions\actboy168.lua-debug-2.1.1-win32-x64\bin\lua-debug.exe
2025-09-28T15:28:48.758377Z  advscan: deleting C:\Users\phili\.vscode\extensions\actboy168.lua-debug-2.1.1-win32-x64\bin\msvcp140.dll
2025-09-28T15:28:48.760616Z  secure-delete: C:\Users\phili\.vscode\extensions\actboy168.lua-debug-2.1.1-win32-x64\bin\msvcp140.dll
2025-09-28T15:28:48.961036Z  advscan: deleting C:\Users\phili\.vscode\extensions\actboy168.lua-debug-2.1.1-win32-x64\bin\msvcp140_1.dll
2025-09-28T15:28:48.962526Z  secure-delete: C:\Users\phili\.vscode\extensions\actboy168.lua-debug-2.1.1-win32-x64\bin\msvcp140_1.dll
2025-09-28T15:28:49.163081Z  advscan: deleting C:\Users\phili\.vscode\extensions\actboy168.lua-debug-2.1.1-win32-x64\bin\msvcp140_2.dll
2025-09-28T15:28:49.164883Z  secure-delete: C:\Users\phili\.vscode\extensions\actboy168.lua-debug-2.1.1-win32-x64\bin\msvcp140_2.dll
2025-09-28T15:28:49.365604Z  advscan: deleting C:\Users\phili\.vscode\extensions\actboy168.lua-debug-2.1.1-win32-x64\bin\msvcp140_atomic_wait.dll
2025-09-28T15:28:49.367066Z  secure-delete: C:\Users\phili\.vscode\extensions\actboy168.lua-debug-2.1.1-win32-x64\bin\msvcp140_atomic_wait.dll
2025-09-28T15:28:49.567584Z  advscan: deleting C:\Users\phili\.vscode\extensions\actboy168.lua-debug-2.1.1-win32-x64\bin\msvcp140_codecvt_ids.dll
2025-09-28T15:28:49.569347Z  secure-delete: C:\Users\phili\.vscode\extensions\actboy168.lua-debug-2.1.1-win32-x64\bin\msvcp140_codecvt_ids.dll
2025-09-28T15:28:49.770043Z  advscan: deleting C:\Users\phili\.vscode\extensions\actboy168.lua-debug-2.1.1-win32-x64\bin\vcruntime140.dll
2025-09-28T15:28:49.771871Z  secure-delete: C:\Users\phili\.vscode\extensions\actboy168.lua-debug-2.1.1-win32-x64\bin\vcruntime140.dll
2025-09-28T15:28:49.972793Z  advscan: deleting C:\Users\phili\.vscode\extensions\actboy168.lua-debug-2.1.1-win32-x64\bin\vcruntime140_threads.dll
2025-09-28T15:28:49.980087Z  secure-delete: C:\Users\phili\.vscode\extensions\actboy168.lua-debug-2.1.1-win32-x64\bin\vcruntime140_threads.dll
2025-09-28T15:28:50.180991Z  advscan: deleting C:\Users\phili\.vscode\extensions\actboy168.lua-debug-2.1.1-win32-x64\runtime\win32-ia32\lua-latest\concrt140.dll
2025-09-28T15:28:50.182889Z  secure-delete: C:\Users\phili\.vscode\extensions\actboy168.lua-debug-2.1.1-win32-x64\runtime\win32-ia32\lua-latest\concrt140.dll
2025-09-28T15:28:50.383658Z  advscan: deleting C:\Users\phili\.vscode\extensions\actboy168.lua-debug-2.1.1-win32-x64\runtime\win32-ia32\lua-latest\lua-latest.dll
2025-09-28T15:28:50.385666Z  secure-delete: C:\Users\phili\.vscode\extensions\actboy168.lua-debug-2.1.1-win32-x64\runtime\win32-ia32\lua-latest\lua-latest.dll
2025-09-28T15:28:50.586149Z  advscan: deleting C:\Users\phili\.vscode\extensions\actboy168.lua-debug-2.1.1-win32-x64\runtime\win32-ia32\lua-latest\lua.exe
2025-09-28T15:28:50.594173Z  secure-delete: C:\Users\phili\.vscode\extensions\actboy168.lua-debug-2.1.1-win32-x64\runtime\win32-ia32\lua-latest\lua.exe
2025-09-28T15:28:50.794874Z  advscan: deleting C:\Users\phili\.vscode\extensions\actboy168.lua-debug-2.1.1-win32-x64\runtime\win32-ia32\lua-latest\luadebug.dll
2025-09-28T15:28:50.797561Z  secure-delete: C:\Users\phili\.vscode\extensions\actboy168.lua-debug-2.1.1-win32-x64\runtime\win32-ia32\lua-latest\luadebug.dll
2025-09-28T15:28:50.998323Z  advscan: deleting C:\Users\phili\.vscode\extensions\actboy168.lua-debug-2.1.1-win32-x64\runtime\win32-ia32\lua-latest\msvcp140.dll
2025-09-28T15:28:51.007105Z  secure-delete: C:\Users\phili\.vscode\extensions\actboy168.lua-debug-2.1.1-win32-x64\runtime\win32-ia32\lua-latest\msvcp140.dll
2025-09-28T15:28:51.208116Z  advscan: deleting C:\Users\phili\.vscode\extensions\actboy168.lua-debug-2.1.1-win32-x64\runtime\win32-ia32\lua-latest\msvcp140_1.dll
2025-09-28T15:28:51.209691Z  secure-delete: C:\Users\phili\.vscode\extensions\actboy168.lua-debug-2.1.1-win32-x64\runtime\win32-ia32\lua-latest\msvcp140_1.dll
2025-09-28T15:28:51.410136Z  advscan: deleting C:\Users\phili\.vscode\extensions\actboy168.lua-debug-2.1.1-win32-x64\runtime\win32-ia32\lua-latest\msvcp140_2.dll
2025-09-28T15:28:51.418259Z  secure-delete: C:\Users\phili\.vscode\extensions\actboy168.lua-debug-2.1.1-win32-x64\runtime\win32-ia32\lua-latest\msvcp140_2.dll
2025-09-28T15:28:51.618878Z  advscan: deleting C:\Users\phili\.vscode\extensions\actboy168.lua-debug-2.1.1-win32-x64\runtime\win32-ia32\lua-latest\msvcp140_atomic_wait.dll
2025-09-28T15:28:51.620544Z  secure-delete: C:\Users\phili\.vscode\extensions\actboy168.lua-debug-2.1.1-win32-x64\runtime\win32-ia32\lua-latest\msvcp140_atomic_wait.dll
2025-09-28T15:28:51.821259Z  advscan: deleting C:\Users\phili\.vscode\extensions\actboy168.lua-debug-2.1.1-win32-x64\runtime\win32-ia32\lua-latest\msvcp140_codecvt_ids.dll
2025-09-28T15:28:51.822635Z  secure-delete: C:\Users\phili\.vscode\extensions\actboy168.lua-debug-2.1.1-win32-x64\runtime\win32-ia32\lua-latest\msvcp140_codecvt_ids.dll
2025-09-28T15:28:52.023112Z  advscan: deleting C:\Users\phili\.vscode\extensions\actboy168.lua-debug-2.1.1-win32-x64\runtime\win32-ia32\lua-latest\vcruntime140.dll
2025-09-28T15:28:52.024742Z  secure-delete: C:\Users\phili\.vscode\extensions\actboy168.lua-debug-2.1.1-win32-x64\runtime\win32-ia32\lua-latest\vcruntime140.dll
2025-09-28T15:28:52.225252Z  advscan: deleting C:\Users\phili\.vscode\extensions\actboy168.lua-debug-2.1.1-win32-x64\runtime\win32-ia32\lua-latest\vcruntime140_threads.dll
2025-09-28T15:28:52.226773Z  secure-delete: C:\Users\phili\.vscode\extensions\actboy168.lua-debug-2.1.1-win32-x64\runtime\win32-ia32\lua-latest\vcruntime140_threads.dll
2025-09-28T15:28:52.427567Z  advscan: deleting C:\Users\phili\.vscode\extensions\actboy168.lua-debug-2.1.1-win32-x64\runtime\win32-ia32\lua51\concrt140.dll
2025-09-28T15:28:52.435386Z  secure-delete: C:\Users\phili\.vscode\extensions\actboy168.lua-debug-2.1.1-win32-x64\runtime\win32-ia32\lua51\concrt140.dll
2025-09-28T15:28:52.636445Z  advscan: deleting C:\Users\phili\.vscode\extensions\actboy168.lua-debug-2.1.1-win32-x64\runtime\win32-ia32\lua51\lua.exe
2025-09-28T15:28:52.638099Z  secure-delete: C:\Users\phili\.vscode\extensions\actboy168.lua-debug-2.1.1-win32-x64\runtime\win32-ia32\lua51\lua.exe
2025-09-28T15:28:52.838751Z  advscan: deleting C:\Users\phili\.vscode\extensions\actboy168.lua-debug-2.1.1-win32-x64\runtime\win32-ia32\lua51\lua51.dll
2025-09-28T15:28:52.840285Z  secure-delete: C:\Users\phili\.vscode\extensions\actboy168.lua-debug-2.1.1-win32-x64\runtime\win32-ia32\lua51\lua51.dll
2025-09-28T15:28:53.041113Z  advscan: deleting C:\Users\phili\.vscode\extensions\actboy168.lua-debug-2.1.1-win32-x64\runtime\win32-ia32\lua51\luadebug.dll
2025-09-28T15:28:53.049585Z  secure-delete: C:\Users\phili\.vscode\extensions\actboy168.lua-debug-2.1.1-win32-x64\runtime\win32-ia32\lua51\luadebug.dll
2025-09-28T15:28:53.250058Z  advscan: deleting C:\Users\phili\.vscode\extensions\actboy168.lua-debug-2.1.1-win32-x64\runtime\win32-ia32\lua51\msvcp140.dll
2025-09-28T15:28:53.258604Z  secure-delete: C:\Users\phili\.vscode\extensions\actboy168.lua-debug-2.1.1-win32-x64\runtime\win32-ia32\lua51\msvcp140.dll
2025-09-28T15:28:53.459245Z  advscan: deleting C:\Users\phili\.vscode\extensions\actboy168.lua-debug-2.1.1-win32-x64\runtime\win32-ia32\lua51\msvcp140_1.dll
2025-09-28T15:28:53.460559Z  secure-delete: C:\Users\phili\.vscode\extensions\actboy168.lua-debug-2.1.1-win32-x64\runtime\win32-ia32\lua51\msvcp140_1.dll
2025-09-28T15:28:53.661178Z  advscan: deleting C:\Users\phili\.vscode\extensions\actboy168.lua-debug-2.1.1-win32-x64\runtime\win32-ia32\lua51\msvcp140_2.dll
2025-09-28T15:28:53.669340Z  secure-delete: C:\Users\phili\.vscode\extensions\actboy168.lua-debug-2.1.1-win32-x64\runtime\win32-ia32\lua51\msvcp140_2.dll
2025-09-28T15:28:53.869876Z  advscan: deleting C:\Users\phili\.vscode\extensions\actboy168.lua-debug-2.1.1-win32-x64\runtime\win32-ia32\lua51\msvcp140_atomic_wait.dll
2025-09-28T15:28:53.871304Z  secure-delete: C:\Users\phili\.vscode\extensions\actboy168.lua-debug-2.1.1-win32-x64\runtime\win32-ia32\lua51\msvcp140_atomic_wait.dll
2025-09-28T15:28:54.071901Z  advscan: deleting C:\Users\phili\.vscode\extensions\actboy168.lua-debug-2.1.1-win32-x64\runtime\win32-ia32\lua51\msvcp140_codecvt_ids.dll
2025-09-28T15:28:54.073526Z  secure-delete: C:\Users\phili\.vscode\extensions\actboy168.lua-debug-2.1.1-win32-x64\runtime\win32-ia32\lua51\msvcp140_codecvt_ids.dll
2025-09-28T15:28:54.274100Z  advscan: deleting C:\Users\phili\.vscode\extensions\actboy168.lua-debug-2.1.1-win32-x64\runtime\win32-ia32\lua51\vcruntime140.dll
2025-09-28T15:28:54.275990Z  secure-delete: C:\Users\phili\.vscode\extensions\actboy168.lua-debug-2.1.1-win32-x64\runtime\win32-ia32\lua51\vcruntime140.dll
2025-09-28T15:28:54.476835Z  advscan: deleting C:\Users\phili\.vscode\extensions\actboy168.lua-debug-2.1.1-win32-x64\runtime\win32-ia32\lua51\vcruntime140_threads.dll
2025-09-28T15:28:54.485169Z  secure-delete: C:\Users\phili\.vscode\extensions\actboy168.lua-debug-2.1.1-win32-x64\runtime\win32-ia32\lua51\vcruntime140_threads.dll
2025-09-28T15:28:54.685769Z  advscan: deleting C:\Users\phili\.vscode\extensions\actboy168.lua-debug-2.1.1-win32-x64\runtime\win32-ia32\lua52\concrt140.dll
2025-09-28T15:28:54.687928Z  secure-delete: C:\Users\phili\.vscode\extensions\actboy168.lua-debug-2.1.1-win32-x64\runtime\win32-ia32\lua52\concrt140.dll
2025-09-28T15:28:54.888654Z  advscan: deleting C:\Users\phili\.vscode\extensions\actboy168.lua-debug-2.1.1-win32-x64\runtime\win32-ia32\lua52\lua.exe
2025-09-28T15:28:54.896868Z  secure-delete: C:\Users\phili\.vscode\extensions\actboy168.lua-debug-2.1.1-win32-x64\runtime\win32-ia32\lua52\lua.exe
2025-09-28T15:28:55.097766Z  advscan: deleting C:\Users\phili\.vscode\extensions\actboy168.lua-debug-2.1.1-win32-x64\runtime\win32-ia32\lua52\lua52.dll
2025-09-28T15:28:55.099400Z  secure-delete: C:\Users\phili\.vscode\extensions\actboy168.lua-debug-2.1.1-win32-x64\runtime\win32-ia32\lua52\lua52.dll
2025-09-28T15:28:55.300137Z  advscan: deleting C:\Users\phili\.vscode\extensions\actboy168.lua-debug-2.1.1-win32-x64\runtime\win32-ia32\lua52\luadebug.dll
2025-09-28T15:28:55.308810Z  secure-delete: C:\Users\phili\.vscode\extensions\actboy168.lua-debug-2.1.1-win32-x64\runtime\win32-ia32\lua52\luadebug.dll
2025-09-28T15:28:55.509334Z  advscan: deleting C:\Users\phili\.vscode\extensions\actboy168.lua-debug-2.1.1-win32-x64\runtime\win32-ia32\lua52\msvcp140.dll
2025-09-28T15:28:55.511437Z  secure-delete: C:\Users\phili\.vscode\extensions\actboy168.lua-debug-2.1.1-win32-x64\runtime\win32-ia32\lua52\msvcp140.dll
2025-09-28T15:28:55.711905Z  advscan: deleting C:\Users\phili\.vscode\extensions\actboy168.lua-debug-2.1.1-win32-x64\runtime\win32-ia32\lua52\msvcp140_1.dll
2025-09-28T15:28:55.713514Z  secure-delete: C:\Users\phili\.vscode\extensions\actboy168.lua-debug-2.1.1-win32-x64\runtime\win32-ia32\lua52\msvcp140_1.dll
2025-09-28T15:28:55.914160Z  advscan: deleting C:\Users\phili\.vscode\extensions\actboy168.lua-debug-2.1.1-win32-x64\runtime\win32-ia32\lua52\msvcp140_2.dll
2025-09-28T15:28:55.915985Z  secure-delete: C:\Users\phili\.vscode\extensions\actboy168.lua-debug-2.1.1-win32-x64\runtime\win32-ia32\lua52\msvcp140_2.dll
2025-09-28T15:28:56.116538Z  advscan: deleting C:\Users\phili\.vscode\extensions\actboy168.lua-debug-2.1.1-win32-x64\runtime\win32-ia32\lua52\msvcp140_atomic_wait.dll
2025-09-28T15:28:56.117990Z  secure-delete: C:\Users\phili\.vscode\extensions\actboy168.lua-debug-2.1.1-win32-x64\runtime\win32-ia32\lua52\msvcp140_atomic_wait.dll
2025-09-28T15:28:56.318472Z  advscan: deleting C:\Users\phili\.vscode\extensions\actboy168.lua-debug-2.1.1-win32-x64\runtime\win32-ia32\lua52\msvcp140_codecvt_ids.dll
2025-09-28T15:28:56.320112Z  secure-delete: C:\Users\phili\.vscode\extensions\actboy168.lua-debug-2.1.1-win32-x64\runtime\win32-ia32\lua52\msvcp140_codecvt_ids.dll
2025-09-28T15:28:56.520830Z  advscan: deleting C:\Users\phili\.vscode\extensions\actboy168.lua-debug-2.1.1-win32-x64\runtime\win32-ia32\lua52\vcruntime140.dll
2025-09-28T15:28:56.522405Z  secure-delete: C:\Users\phili\.vscode\extensions\actboy168.lua-debug-2.1.1-win32-x64\runtime\win32-ia32\lua52\vcruntime140.dll
2025-09-28T15:28:56.723268Z  advscan: deleting C:\Users\phili\.vscode\extensions\actboy168.lua-debug-2.1.1-win32-x64\runtime\win32-ia32\lua52\vcruntime140_threads.dll
2025-09-28T15:28:56.724858Z  secure-delete: C:\Users\phili\.vscode\extensions\actboy168.lua-debug-2.1.1-win32-x64\runtime\win32-ia32\lua52\vcruntime140_threads.dll
2025-09-28T15:28:56.925534Z  advscan: deleting C:\Users\phili\.vscode\extensions\actboy168.lua-debug-2.1.1-win32-x64\runtime\win32-ia32\lua53\concrt140.dll
2025-09-28T15:28:56.933763Z  secure-delete: C:\Users\phili\.vscode\extensions\actboy168.lua-debug-2.1.1-win32-x64\runtime\win32-ia32\lua53\concrt140.dll
2025-09-28T15:28:57.134468Z  advscan: deleting C:\Users\phili\.vscode\extensions\actboy168.lua-debug-2.1.1-win32-x64\runtime\win32-ia32\lua53\lua.exe
2025-09-28T15:28:57.136536Z  secure-delete: C:\Users\phili\.vscode\extensions\actboy168.lua-debug-2.1.1-win32-x64\runtime\win32-ia32\lua53\lua.exe
2025-09-28T15:28:57.337169Z  advscan: deleting C:\Users\phili\.vscode\extensions\actboy168.lua-debug-2.1.1-win32-x64\runtime\win32-ia32\lua53\lua53.dll
2025-09-28T15:28:57.345768Z  secure-delete: C:\Users\phili\.vscode\extensions\actboy168.lua-debug-2.1.1-win32-x64\runtime\win32-ia32\lua53\lua53.dll
2025-09-28T15:28:57.546654Z  advscan: deleting C:\Users\phili\.vscode\extensions\actboy168.lua-debug-2.1.1-win32-x64\runtime\win32-ia32\lua53\luadebug.dll
2025-09-28T15:28:57.549095Z  secure-delete: C:\Users\phili\.vscode\extensions\actboy168.lua-debug-2.1.1-win32-x64\runtime\win32-ia32\lua53\luadebug.dll
2025-09-28T15:28:57.749510Z  advscan: deleting C:\Users\phili\.vscode\extensions\actboy168.lua-debug-2.1.1-win32-x64\runtime\win32-ia32\lua53\msvcp140.dll
2025-09-28T15:28:57.758172Z  secure-delete: C:\Users\phili\.vscode\extensions\actboy168.lua-debug-2.1.1-win32-x64\runtime\win32-ia32\lua53\msvcp140.dll
2025-09-28T15:28:57.958694Z  advscan: deleting C:\Users\phili\.vscode\extensions\actboy168.lua-debug-2.1.1-win32-x64\runtime\win32-ia32\lua53\msvcp140_1.dll
2025-09-28T15:28:57.960480Z  secure-delete: C:\Users\phili\.vscode\extensions\actboy168.lua-debug-2.1.1-win32-x64\runtime\win32-ia32\lua53\msvcp140_1.dll
2025-09-28T15:28:58.161387Z  advscan: deleting C:\Users\phili\.vscode\extensions\actboy168.lua-debug-2.1.1-win32-x64\runtime\win32-ia32\lua53\msvcp140_2.dll
2025-09-28T15:28:58.163156Z  secure-delete: C:\Users\phili\.vscode\extensions\actboy168.lua-debug-2.1.1-win32-x64\runtime\win32-ia32\lua53\msvcp140_2.dll
2025-09-28T15:28:58.363821Z  advscan: deleting C:\Users\phili\.vscode\extensions\actboy168.lua-debug-2.1.1-win32-x64\runtime\win32-ia32\lua53\msvcp140_atomic_wait.dll
2025-09-28T15:28:58.371675Z  secure-delete: C:\Users\phili\.vscode\extensions\actboy168.lua-debug-2.1.1-win32-x64\runtime\win32-ia32\lua53\msvcp140_atomic_wait.dll
2025-09-28T15:28:58.572567Z  advscan: deleting C:\Users\phili\.vscode\extensions\actboy168.lua-debug-2.1.1-win32-x64\runtime\win32-ia32\lua53\msvcp140_codecvt_ids.dll
2025-09-28T15:28:58.574112Z  secure-delete: C:\Users\phili\.vscode\extensions\actboy168.lua-debug-2.1.1-win32-x64\runtime\win32-ia32\lua53\msvcp140_codecvt_ids.dll
2025-09-28T15:28:58.774891Z  advscan: deleting C:\Users\phili\.vscode\extensions\actboy168.lua-debug-2.1.1-win32-x64\runtime\win32-ia32\lua53\vcruntime140.dll
2025-09-28T15:28:58.776480Z  secure-delete: C:\Users\phili\.vscode\extensions\actboy168.lua-debug-2.1.1-win32-x64\runtime\win32-ia32\lua53\vcruntime140.dll
2025-09-28T15:28:58.976856Z  advscan: deleting C:\Users\phili\.vscode\extensions\actboy168.lua-debug-2.1.1-win32-x64\runtime\win32-ia32\lua53\vcruntime140_threads.dll
2025-09-28T15:28:58.978219Z  secure-delete: C:\Users\phili\.vscode\extensions\actboy168.lua-debug-2.1.1-win32-x64\runtime\win32-ia32\lua53\vcruntime140_threads.dll
2025-09-28T15:28:59.178973Z  advscan: deleting C:\Users\phili\.vscode\extensions\actboy168.lua-debug-2.1.1-win32-x64\runtime\win32-ia32\lua54\concrt140.dll
2025-09-28T15:28:59.186870Z  secure-delete: C:\Users\phili\.vscode\extensions\actboy168.lua-debug-2.1.1-win32-x64\runtime\win32-ia32\lua54\concrt140.dll
2025-09-28T15:28:59.387810Z  advscan: deleting C:\Users\phili\.vscode\extensions\actboy168.lua-debug-2.1.1-win32-x64\runtime\win32-ia32\lua54\lua.exe
2025-09-28T15:28:59.389576Z  secure-delete: C:\Users\phili\.vscode\extensions\actboy168.lua-debug-2.1.1-win32-x64\runtime\win32-ia32\lua54\lua.exe
2025-09-28T15:28:59.590275Z  advscan: deleting C:\Users\phili\.vscode\extensions\actboy168.lua-debug-2.1.1-win32-x64\runtime\win32-ia32\lua54\lua54.dll
2025-09-28T15:28:59.592110Z  secure-delete: C:\Users\phili\.vscode\extensions\actboy168.lua-debug-2.1.1-win32-x64\runtime\win32-ia32\lua54\lua54.dll
2025-09-28T15:28:59.792863Z  advscan: deleting C:\Users\phili\.vscode\extensions\actboy168.lua-debug-2.1.1-win32-x64\runtime\win32-ia32\lua54\luadebug.dll
2025-09-28T15:28:59.801292Z  secure-delete: C:\Users\phili\.vscode\extensions\actboy168.lua-debug-2.1.1-win32-x64\runtime\win32-ia32\lua54\luadebug.dll
2025-09-28T15:29:00.001978Z  advscan: deleting C:\Users\phili\.vscode\extensions\actboy168.lua-debug-2.1.1-win32-x64\runtime\win32-ia32\lua54\msvcp140.dll
2025-09-28T15:29:00.010803Z  secure-delete: C:\Users\phili\.vscode\extensions\actboy168.lua-debug-2.1.1-win32-x64\runtime\win32-ia32\lua54\msvcp140.dll
2025-09-28T15:29:00.211670Z  advscan: deleting C:\Users\phili\.vscode\extensions\actboy168.lua-debug-2.1.1-win32-x64\runtime\win32-ia32\lua54\msvcp140_1.dll
2025-09-28T15:29:00.213245Z  secure-delete: C:\Users\phili\.vscode\extensions\actboy168.lua-debug-2.1.1-win32-x64\runtime\win32-ia32\lua54\msvcp140_1.dll
2025-09-28T15:29:00.413864Z  advscan: deleting C:\Users\phili\.vscode\extensions\actboy168.lua-debug-2.1.1-win32-x64\runtime\win32-ia32\lua54\msvcp140_2.dll
2025-09-28T15:29:00.415994Z  secure-delete: C:\Users\phili\.vscode\extensions\actboy168.lua-debug-2.1.1-win32-x64\runtime\win32-ia32\lua54\msvcp140_2.dll
2025-09-28T15:29:00.616595Z  advscan: deleting C:\Users\phili\.vscode\extensions\actboy168.lua-debug-2.1.1-win32-x64\runtime\win32-ia32\lua54\msvcp140_atomic_wait.dll
2025-09-28T15:29:00.618929Z  secure-delete: C:\Users\phili\.vscode\extensions\actboy168.lua-debug-2.1.1-win32-x64\runtime\win32-ia32\lua54\msvcp140_atomic_wait.dll
2025-09-28T15:29:00.819466Z  advscan: deleting C:\Users\phili\.vscode\extensions\actboy168.lua-debug-2.1.1-win32-x64\runtime\win32-ia32\lua54\msvcp140_codecvt_ids.dll
2025-09-28T15:29:00.821118Z  secure-delete: C:\Users\phili\.vscode\extensions\actboy168.lua-debug-2.1.1-win32-x64\runtime\win32-ia32\lua54\msvcp140_codecvt_ids.dll
2025-09-28T15:29:01.021722Z  advscan: deleting C:\Users\phili\.vscode\extensions\actboy168.lua-debug-2.1.1-win32-x64\runtime\win32-ia32\lua54\vcruntime140.dll
2025-09-28T15:29:01.030242Z  secure-delete: C:\Users\phili\.vscode\extensions\actboy168.lua-debug-2.1.1-win32-x64\runtime\win32-ia32\lua54\vcruntime140.dll
2025-09-28T15:29:01.230705Z  advscan: deleting C:\Users\phili\.vscode\extensions\actboy168.lua-debug-2.1.1-win32-x64\runtime\win32-ia32\lua54\vcruntime140_threads.dll
2025-09-28T15:29:01.232545Z  secure-delete: C:\Users\phili\.vscode\extensions\actboy168.lua-debug-2.1.1-win32-x64\runtime\win32-ia32\lua54\vcruntime140_threads.dll
2025-09-28T15:29:01.432963Z  advscan: deleting C:\Users\phili\.vscode\extensions\actboy168.lua-debug-2.1.1-win32-x64\runtime\win32-ia32\luajit\concrt140.dll
2025-09-28T15:29:01.434798Z  secure-delete: C:\Users\phili\.vscode\extensions\actboy168.lua-debug-2.1.1-win32-x64\runtime\win32-ia32\luajit\concrt140.dll
2025-09-28T15:29:01.635318Z  advscan: deleting C:\Users\phili\.vscode\extensions\actboy168.lua-debug-2.1.1-win32-x64\runtime\win32-ia32\luajit\lua.exe
2025-09-28T15:29:01.643014Z  secure-delete: C:\Users\phili\.vscode\extensions\actboy168.lua-debug-2.1.1-win32-x64\runtime\win32-ia32\luajit\lua.exe
2025-09-28T15:29:01.843866Z  advscan: deleting C:\Users\phili\.vscode\extensions\actboy168.lua-debug-2.1.1-win32-x64\runtime\win32-ia32\luajit\luadebug.dll
2025-09-28T15:29:01.846033Z  secure-delete: C:\Users\phili\.vscode\extensions\actboy168.lua-debug-2.1.1-win32-x64\runtime\win32-ia32\luajit\luadebug.dll
2025-09-28T15:29:02.046616Z  advscan: deleting C:\Users\phili\.vscode\extensions\actboy168.lua-debug-2.1.1-win32-x64\runtime\win32-ia32\luajit\luajit.dll
2025-09-28T15:29:02.054998Z  secure-delete: C:\Users\phili\.vscode\extensions\actboy168.lua-debug-2.1.1-win32-x64\runtime\win32-ia32\luajit\luajit.dll
2025-09-28T15:29:02.255446Z  advscan: deleting C:\Users\phili\.vscode\extensions\actboy168.lua-debug-2.1.1-win32-x64\runtime\win32-ia32\luajit\msvcp140.dll
2025-09-28T15:29:02.263653Z  secure-delete: C:\Users\phili\.vscode\extensions\actboy168.lua-debug-2.1.1-win32-x64\runtime\win32-ia32\luajit\msvcp140.dll
2025-09-28T15:29:02.464018Z  advscan: deleting C:\Users\phili\.vscode\extensions\actboy168.lua-debug-2.1.1-win32-x64\runtime\win32-ia32\luajit\msvcp140_1.dll
2025-09-28T15:29:02.465604Z  secure-delete: C:\Users\phili\.vscode\extensions\actboy168.lua-debug-2.1.1-win32-x64\runtime\win32-ia32\luajit\msvcp140_1.dll
2025-09-28T15:29:02.666480Z  advscan: deleting C:\Users\phili\.vscode\extensions\actboy168.lua-debug-2.1.1-win32-x64\runtime\win32-ia32\luajit\msvcp140_2.dll
2025-09-28T15:29:02.668562Z  secure-delete: C:\Users\phili\.vscode\extensions\actboy168.lua-debug-2.1.1-win32-x64\runtime\win32-ia32\luajit\msvcp140_2.dll
2025-09-28T15:29:02.869227Z  advscan: deleting C:\Users\phili\.vscode\extensions\actboy168.lua-debug-2.1.1-win32-x64\runtime\win32-ia32\luajit\msvcp140_atomic_wait.dll
2025-09-28T15:29:02.870714Z  secure-delete: C:\Users\phili\.vscode\extensions\actboy168.lua-debug-2.1.1-win32-x64\runtime\win32-ia32\luajit\msvcp140_atomic_wait.dll
2025-09-28T15:29:03.072309Z  advscan: deleting C:\Users\phili\.vscode\extensions\actboy168.lua-debug-2.1.1-win32-x64\runtime\win32-ia32\luajit\msvcp140_codecvt_ids.dll
2025-09-28T15:29:03.074006Z  secure-delete: C:\Users\phili\.vscode\extensions\actboy168.lua-debug-2.1.1-win32-x64\runtime\win32-ia32\luajit\msvcp140_codecvt_ids.dll
2025-09-28T15:29:03.274939Z  advscan: deleting C:\Users\phili\.vscode\extensions\actboy168.lua-debug-2.1.1-win32-x64\runtime\win32-ia32\luajit\vcruntime140.dll
2025-09-28T15:29:03.283134Z  secure-delete: C:\Users\phili\.vscode\extensions\actboy168.lua-debug-2.1.1-win32-x64\runtime\win32-ia32\luajit\vcruntime140.dll
2025-09-28T15:29:03.484045Z  advscan: deleting C:\Users\phili\.vscode\extensions\actboy168.lua-debug-2.1.1-win32-x64\runtime\win32-ia32\luajit\vcruntime140_threads.dll
2025-09-28T15:29:03.485760Z  secure-delete: C:\Users\phili\.vscode\extensions\actboy168.lua-debug-2.1.1-win32-x64\runtime\win32-ia32\luajit\vcruntime140_threads.dll
2025-09-28T15:29:03.686553Z  advscan: deleting C:\Users\phili\.vscode\extensions\actboy168.lua-debug-2.1.1-win32-x64\runtime\win32-x64\lua-latest\concrt140.dll
2025-09-28T15:29:03.688455Z  secure-delete: C:\Users\phili\.vscode\extensions\actboy168.lua-debug-2.1.1-win32-x64\runtime\win32-x64\lua-latest\concrt140.dll
2025-09-28T15:29:03.889177Z  advscan: deleting C:\Users\phili\.vscode\extensions\actboy168.lua-debug-2.1.1-win32-x64\runtime\win32-x64\lua-latest\lua-latest.dll
2025-09-28T15:29:03.897298Z  secure-delete: C:\Users\phili\.vscode\extensions\actboy168.lua-debug-2.1.1-win32-x64\runtime\win32-x64\lua-latest\lua-latest.dll
2025-09-28T15:29:04.097909Z  advscan: deleting C:\Users\phili\.vscode\extensions\actboy168.lua-debug-2.1.1-win32-x64\runtime\win32-x64\lua-latest\lua.exe
2025-09-28T15:29:04.099616Z  secure-delete: C:\Users\phili\.vscode\extensions\actboy168.lua-debug-2.1.1-win32-x64\runtime\win32-x64\lua-latest\lua.exe
2025-09-28T15:29:04.300069Z  advscan: deleting C:\Users\phili\.vscode\extensions\actboy168.lua-debug-2.1.1-win32-x64\runtime\win32-x64\lua-latest\luadebug.dll
2025-09-28T15:29:04.308598Z  secure-delete: C:\Users\phili\.vscode\extensions\actboy168.lua-debug-2.1.1-win32-x64\runtime\win32-x64\lua-latest\luadebug.dll
2025-09-28T15:29:04.509033Z  advscan: deleting C:\Users\phili\.vscode\extensions\actboy168.lua-debug-2.1.1-win32-x64\runtime\win32-x64\lua-latest\msvcp140.dll
2025-09-28T15:29:04.517446Z  secure-delete: C:\Users\phili\.vscode\extensions\actboy168.lua-debug-2.1.1-win32-x64\runtime\win32-x64\lua-latest\msvcp140.dll
2025-09-28T15:29:04.718161Z  advscan: deleting C:\Users\phili\.vscode\extensions\actboy168.lua-debug-2.1.1-win32-x64\runtime\win32-x64\lua-latest\msvcp140_1.dll
2025-09-28T15:29:04.719651Z  secure-delete: C:\Users\phili\.vscode\extensions\actboy168.lua-debug-2.1.1-win32-x64\runtime\win32-x64\lua-latest\msvcp140_1.dll
2025-09-28T15:29:04.920474Z  advscan: deleting C:\Users\phili\.vscode\extensions\actboy168.lua-debug-2.1.1-win32-x64\runtime\win32-x64\lua-latest\msvcp140_2.dll
2025-09-28T15:29:04.922210Z  secure-delete: C:\Users\phili\.vscode\extensions\actboy168.lua-debug-2.1.1-win32-x64\runtime\win32-x64\lua-latest\msvcp140_2.dll
2025-09-28T15:29:05.122985Z  advscan: deleting C:\Users\phili\.vscode\extensions\actboy168.lua-debug-2.1.1-win32-x64\runtime\win32-x64\lua-latest\msvcp140_atomic_wait.dll
2025-09-28T15:29:05.124746Z  secure-delete: C:\Users\phili\.vscode\extensions\actboy168.lua-debug-2.1.1-win32-x64\runtime\win32-x64\lua-latest\msvcp140_atomic_wait.dll
2025-09-28T15:29:05.325425Z  advscan: deleting C:\Users\phili\.vscode\extensions\actboy168.lua-debug-2.1.1-win32-x64\runtime\win32-x64\lua-latest\msvcp140_codecvt_ids.dll
2025-09-28T15:29:05.326940Z  secure-delete: C:\Users\phili\.vscode\extensions\actboy168.lua-debug-2.1.1-win32-x64\runtime\win32-x64\lua-latest\msvcp140_codecvt_ids.dll
2025-09-28T15:29:05.527449Z  advscan: deleting C:\Users\phili\.vscode\extensions\actboy168.lua-debug-2.1.1-win32-x64\runtime\win32-x64\lua-latest\vcruntime140.dll
2025-09-28T15:29:05.529181Z  secure-delete: C:\Users\phili\.vscode\extensions\actboy168.lua-debug-2.1.1-win32-x64\runtime\win32-x64\lua-latest\vcruntime140.dll
2025-09-28T15:29:05.730025Z  advscan: deleting C:\Users\phili\.vscode\extensions\actboy168.lua-debug-2.1.1-win32-x64\runtime\win32-x64\lua-latest\vcruntime140_1.dll
2025-09-28T15:29:05.731735Z  secure-delete: C:\Users\phili\.vscode\extensions\actboy168.lua-debug-2.1.1-win32-x64\runtime\win32-x64\lua-latest\vcruntime140_1.dll
2025-09-28T15:29:05.932406Z  advscan: deleting C:\Users\phili\.vscode\extensions\actboy168.lua-debug-2.1.1-win32-x64\runtime\win32-x64\lua-latest\vcruntime140_threads.dll
2025-09-28T15:29:05.933886Z  secure-delete: C:\Users\phili\.vscode\extensions\actboy168.lua-debug-2.1.1-win32-x64\runtime\win32-x64\lua-latest\vcruntime140_threads.dll
2025-09-28T15:29:06.134282Z  advscan: deleting C:\Users\phili\.vscode\extensions\actboy168.lua-debug-2.1.1-win32-x64\runtime\win32-x64\lua51\concrt140.dll
2025-09-28T15:29:06.142599Z  secure-delete: C:\Users\phili\.vscode\extensions\actboy168.lua-debug-2.1.1-win32-x64\runtime\win32-x64\lua51\concrt140.dll
2025-09-28T15:29:06.343542Z  advscan: deleting C:\Users\phili\.vscode\extensions\actboy168.lua-debug-2.1.1-win32-x64\runtime\win32-x64\lua51\lua.exe
2025-09-28T15:29:06.345530Z  secure-delete: C:\Users\phili\.vscode\extensions\actboy168.lua-debug-2.1.1-win32-x64\runtime\win32-x64\lua51\lua.exe
2025-09-28T15:29:06.546045Z  advscan: deleting C:\Users\phili\.vscode\extensions\actboy168.lua-debug-2.1.1-win32-x64\runtime\win32-x64\lua51\lua51.dll
2025-09-28T15:29:06.547935Z  secure-delete: C:\Users\phili\.vscode\extensions\actboy168.lua-debug-2.1.1-win32-x64\runtime\win32-x64\lua51\lua51.dll
2025-09-28T15:29:06.748618Z  advscan: deleting C:\Users\phili\.vscode\extensions\actboy168.lua-debug-2.1.1-win32-x64\runtime\win32-x64\lua51\luadebug.dll
2025-09-28T15:29:06.751164Z  secure-delete: C:\Users\phili\.vscode\extensions\actboy168.lua-debug-2.1.1-win32-x64\runtime\win32-x64\lua51\luadebug.dll
2025-09-28T15:29:06.952054Z  advscan: deleting C:\Users\phili\.vscode\extensions\actboy168.lua-debug-2.1.1-win32-x64\runtime\win32-x64\lua51\msvcp140.dll
2025-09-28T15:29:06.960557Z  secure-delete: C:\Users\phili\.vscode\extensions\actboy168.lua-debug-2.1.1-win32-x64\runtime\win32-x64\lua51\msvcp140.dll
2025-09-28T15:29:07.161096Z  advscan: deleting C:\Users\phili\.vscode\extensions\actboy168.lua-debug-2.1.1-win32-x64\runtime\win32-x64\lua51\msvcp140_1.dll
2025-09-28T15:29:07.162846Z  secure-delete: C:\Users\phili\.vscode\extensions\actboy168.lua-debug-2.1.1-win32-x64\runtime\win32-x64\lua51\msvcp140_1.dll
2025-09-28T15:29:07.363736Z  advscan: deleting C:\Users\phili\.vscode\extensions\actboy168.lua-debug-2.1.1-win32-x64\runtime\win32-x64\lua51\msvcp140_2.dll
2025-09-28T15:29:07.371672Z  secure-delete: C:\Users\phili\.vscode\extensions\actboy168.lua-debug-2.1.1-win32-x64\runtime\win32-x64\lua51\msvcp140_2.dll
2025-09-28T15:29:07.572117Z  advscan: deleting C:\Users\phili\.vscode\extensions\actboy168.lua-debug-2.1.1-win32-x64\runtime\win32-x64\lua51\msvcp140_atomic_wait.dll
2025-09-28T15:29:07.573904Z  secure-delete: C:\Users\phili\.vscode\extensions\actboy168.lua-debug-2.1.1-win32-x64\runtime\win32-x64\lua51\msvcp140_atomic_wait.dll
2025-09-28T15:29:07.774690Z  advscan: deleting C:\Users\phili\.vscode\extensions\actboy168.lua-debug-2.1.1-win32-x64\runtime\win32-x64\lua51\msvcp140_codecvt_ids.dll
2025-09-28T15:29:07.776179Z  secure-delete: C:\Users\phili\.vscode\extensions\actboy168.lua-debug-2.1.1-win32-x64\runtime\win32-x64\lua51\msvcp140_codecvt_ids.dll
2025-09-28T15:29:07.976625Z  advscan: deleting C:\Users\phili\.vscode\extensions\actboy168.lua-debug-2.1.1-win32-x64\runtime\win32-x64\lua51\vcruntime140.dll
2025-09-28T15:29:07.978551Z  secure-delete: C:\Users\phili\.vscode\extensions\actboy168.lua-debug-2.1.1-win32-x64\runtime\win32-x64\lua51\vcruntime140.dll
2025-09-28T15:29:08.179387Z  advscan: deleting C:\Users\phili\.vscode\extensions\actboy168.lua-debug-2.1.1-win32-x64\runtime\win32-x64\lua51\vcruntime140_1.dll
2025-09-28T15:29:08.181198Z  secure-delete: C:\Users\phili\.vscode\extensions\actboy168.lua-debug-2.1.1-win32-x64\runtime\win32-x64\lua51\vcruntime140_1.dll
2025-09-28T15:29:08.382103Z  advscan: deleting C:\Users\phili\.vscode\extensions\actboy168.lua-debug-2.1.1-win32-x64\runtime\win32-x64\lua51\vcruntime140_threads.dll
2025-09-28T15:29:08.383832Z  secure-delete: C:\Users\phili\.vscode\extensions\actboy168.lua-debug-2.1.1-win32-x64\runtime\win32-x64\lua51\vcruntime140_threads.dll
2025-09-28T15:29:08.584320Z  advscan: deleting C:\Users\phili\.vscode\extensions\actboy168.lua-debug-2.1.1-win32-x64\runtime\win32-x64\lua52\concrt140.dll
2025-09-28T15:29:08.586279Z  secure-delete: C:\Users\phili\.vscode\extensions\actboy168.lua-debug-2.1.1-win32-x64\runtime\win32-x64\lua52\concrt140.dll
2025-09-28T15:29:08.787093Z  advscan: deleting C:\Users\phili\.vscode\extensions\actboy168.lua-debug-2.1.1-win32-x64\runtime\win32-x64\lua52\lua.exe
2025-09-28T15:29:08.788627Z  secure-delete: C:\Users\phili\.vscode\extensions\actboy168.lua-debug-2.1.1-win32-x64\runtime\win32-x64\lua52\lua.exe
2025-09-28T15:29:08.989397Z  advscan: deleting C:\Users\phili\.vscode\extensions\actboy168.lua-debug-2.1.1-win32-x64\runtime\win32-x64\lua52\lua52.dll
2025-09-28T15:29:08.992204Z  secure-delete: C:\Users\phili\.vscode\extensions\actboy168.lua-debug-2.1.1-win32-x64\runtime\win32-x64\lua52\lua52.dll
2025-09-28T15:29:09.192970Z  advscan: deleting C:\Users\phili\.vscode\extensions\actboy168.lua-debug-2.1.1-win32-x64\runtime\win32-x64\lua52\luadebug.dll
2025-09-28T15:29:09.195658Z  secure-delete: C:\Users\phili\.vscode\extensions\actboy168.lua-debug-2.1.1-win32-x64\runtime\win32-x64\lua52\luadebug.dll
2025-09-28T15:29:09.396245Z  advscan: deleting C:\Users\phili\.vscode\extensions\actboy168.lua-debug-2.1.1-win32-x64\runtime\win32-x64\lua52\msvcp140.dll
2025-09-28T15:29:09.404750Z  secure-delete: C:\Users\phili\.vscode\extensions\actboy168.lua-debug-2.1.1-win32-x64\runtime\win32-x64\lua52\msvcp140.dll
2025-09-28T15:29:09.605731Z  advscan: deleting C:\Users\phili\.vscode\extensions\actboy168.lua-debug-2.1.1-win32-x64\runtime\win32-x64\lua52\msvcp140_1.dll
2025-09-28T15:29:09.607436Z  secure-delete: C:\Users\phili\.vscode\extensions\actboy168.lua-debug-2.1.1-win32-x64\runtime\win32-x64\lua52\msvcp140_1.dll
2025-09-28T15:29:09.808407Z  advscan: deleting C:\Users\phili\.vscode\extensions\actboy168.lua-debug-2.1.1-win32-x64\runtime\win32-x64\lua52\msvcp140_2.dll
2025-09-28T15:29:09.816769Z  secure-delete: C:\Users\phili\.vscode\extensions\actboy168.lua-debug-2.1.1-win32-x64\runtime\win32-x64\lua52\msvcp140_2.dll
2025-09-28T15:29:10.017358Z  advscan: deleting C:\Users\phili\.vscode\extensions\actboy168.lua-debug-2.1.1-win32-x64\runtime\win32-x64\lua52\msvcp140_atomic_wait.dll
2025-09-28T15:29:10.018894Z  secure-delete: C:\Users\phili\.vscode\extensions\actboy168.lua-debug-2.1.1-win32-x64\runtime\win32-x64\lua52\msvcp140_atomic_wait.dll
2025-09-28T15:29:10.219648Z  advscan: deleting C:\Users\phili\.vscode\extensions\actboy168.lua-debug-2.1.1-win32-x64\runtime\win32-x64\lua52\msvcp140_codecvt_ids.dll
2025-09-28T15:29:10.221616Z  secure-delete: C:\Users\phili\.vscode\extensions\actboy168.lua-debug-2.1.1-win32-x64\runtime\win32-x64\lua52\msvcp140_codecvt_ids.dll
2025-09-28T15:29:10.422110Z  advscan: deleting C:\Users\phili\.vscode\extensions\actboy168.lua-debug-2.1.1-win32-x64\runtime\win32-x64\lua52\vcruntime140.dll
2025-09-28T15:29:10.423757Z  secure-delete: C:\Users\phili\.vscode\extensions\actboy168.lua-debug-2.1.1-win32-x64\runtime\win32-x64\lua52\vcruntime140.dll
2025-09-28T15:29:10.624187Z  advscan: deleting C:\Users\phili\.vscode\extensions\actboy168.lua-debug-2.1.1-win32-x64\runtime\win32-x64\lua52\vcruntime140_1.dll
2025-09-28T15:29:10.625772Z  secure-delete: C:\Users\phili\.vscode\extensions\actboy168.lua-debug-2.1.1-win32-x64\runtime\win32-x64\lua52\vcruntime140_1.dll
2025-09-28T15:29:10.826257Z  advscan: deleting C:\Users\phili\.vscode\extensions\actboy168.lua-debug-2.1.1-win32-x64\runtime\win32-x64\lua52\vcruntime140_threads.dll
2025-09-28T15:29:10.828015Z  secure-delete: C:\Users\phili\.vscode\extensions\actboy168.lua-debug-2.1.1-win32-x64\runtime\win32-x64\lua52\vcruntime140_threads.dll
2025-09-28T15:29:11.028761Z  advscan: deleting C:\Users\phili\.vscode\extensions\actboy168.lua-debug-2.1.1-win32-x64\runtime\win32-x64\lua53\concrt140.dll
2025-09-28T15:29:11.030803Z  secure-delete: C:\Users\phili\.vscode\extensions\actboy168.lua-debug-2.1.1-win32-x64\runtime\win32-x64\lua53\concrt140.dll
2025-09-28T15:29:11.231712Z  advscan: deleting C:\Users\phili\.vscode\extensions\actboy168.lua-debug-2.1.1-win32-x64\runtime\win32-x64\lua53\lua.exe
2025-09-28T15:29:11.233117Z  secure-delete: C:\Users\phili\.vscode\extensions\actboy168.lua-debug-2.1.1-win32-x64\runtime\win32-x64\lua53\lua.exe
2025-09-28T15:29:11.433735Z  advscan: deleting C:\Users\phili\.vscode\extensions\actboy168.lua-debug-2.1.1-win32-x64\runtime\win32-x64\lua53\lua53.dll
2025-09-28T15:29:11.441871Z  secure-delete: C:\Users\phili\.vscode\extensions\actboy168.lua-debug-2.1.1-win32-x64\runtime\win32-x64\lua53\lua53.dll
2025-09-28T15:29:11.642408Z  advscan: deleting C:\Users\phili\.vscode\extensions\actboy168.lua-debug-2.1.1-win32-x64\runtime\win32-x64\lua53\luadebug.dll
2025-09-28T15:29:11.651122Z  secure-delete: C:\Users\phili\.vscode\extensions\actboy168.lua-debug-2.1.1-win32-x64\runtime\win32-x64\lua53\luadebug.dll
2025-09-28T15:29:11.851837Z  advscan: deleting C:\Users\phili\.vscode\extensions\actboy168.lua-debug-2.1.1-win32-x64\runtime\win32-x64\lua53\msvcp140.dll
2025-09-28T15:29:11.862056Z  secure-delete: C:\Users\phili\.vscode\extensions\actboy168.lua-debug-2.1.1-win32-x64\runtime\win32-x64\lua53\msvcp140.dll
2025-09-28T15:29:12.062512Z  advscan: deleting C:\Users\phili\.vscode\extensions\actboy168.lua-debug-2.1.1-win32-x64\runtime\win32-x64\lua53\msvcp140_1.dll
2025-09-28T15:29:12.063953Z  secure-delete: C:\Users\phili\.vscode\extensions\actboy168.lua-debug-2.1.1-win32-x64\runtime\win32-x64\lua53\msvcp140_1.dll
2025-09-28T15:29:12.264709Z  advscan: deleting C:\Users\phili\.vscode\extensions\actboy168.lua-debug-2.1.1-win32-x64\runtime\win32-x64\lua53\msvcp140_2.dll
2025-09-28T15:29:12.266512Z  secure-delete: C:\Users\phili\.vscode\extensions\actboy168.lua-debug-2.1.1-win32-x64\runtime\win32-x64\lua53\msvcp140_2.dll
2025-09-28T15:29:12.467068Z  secure-delete-list: total=120 deleted=120
2025-09-28T15:29:12.467538Z  advscan: deleted 120/120
2025-09-28T15:29:13.468241Z  startup: background visual
2025-09-28T15:29:13.469049Z  9a6c85 ed6e5c831 e1a0b75 || 0c09fc6f6 1cfd1919 26ed db0986de57 ## 7966bbc06 eb64abc8c688 914417cc1 24845c480c edb031b46 42de 2c11ddd674 5165c28e 2c4439efd 88ea8dc77d7 3b063127ef
2025-09-28T15:29:13.489682Z  753eb aa93807ef 0131833399 bd841198e3 d91b2b5b8 8b38d26edf3 a265c0c108f 590396ed7227 == a6b72176d ad85a5fd7eb 34c56985da16 f9bd58606028 dbd21992e ae14 16e1b c8e566fe6d 3275c84
2025-09-28T15:29:13.510467Z  a6e2d0 290767 ad7ba0f4 238b85 82d9a49 85c2adf1 cac25fe32d a35bbc58140 8a3a6d5fa575 1ef81a3 14312380 248d10fb785 fac94ce5e8 4f51370603 eb53683ea8 5239eaceb ed4b9ac85 4700 48e1382
2025-09-28T15:29:13.531715Z  f84e675ac bec9a0f8be5e 5d8d79ca 51320d89c8 6254 71743f98c8 bd0b2657 40756a 4228bfd 06d558ee15f9 36df3c4e46a6 eb4d3 063fbe 843d7520 eb7ed4 d18275cf0bc ef6b63 d9f0 9fb9dacdabe
2025-09-28T15:29:13.552419Z  60ab9f1c8cac f587e502 17078cfc 2cbd8646d32 ~~ 551ee9d f8aaacaa0e 118adb7 28775bf 2465 9596196ceed9 eb9f680 79c51db fcddc328614 ffd41016cf7 4c1eb2ed c478a 956800a5 91f78afcafb
2025-09-28T15:29:13.573433Z  bc33624c95d7 a922c4398f9 bd60a1727 96ed3b634 c0ee1828 91519d d1f7f849 5a8a3a4500 d32e 633168e2 783c3d7c7ca ## 277a93e c9535d1dd 32eb06e46d be1afe0a6 099cab6ad1 4034 a8063081
2025-09-28T15:29:13.594045Z  bc253507fe51 ead313dc3a9c 2f96 890aeb0a 2f27d2aff5c8 4bac f1055a45c 67247 ff8f615f3 21769c32402 ca55fd202 ~~ 77b9e44f5 51574 9f3e0 d8bc96fa76 ccf9a7e 557f0caa ab0da270 800e50a8c
2025-09-28T15:29:13.614853Z  2a422b fcadc5a8895 :: dadceb122 b11b8 13b3d4938e 76bfd7 == e042ddc d44f2f865 9f1bb 653f230515 dae460 141732880ce 231256 28b03158f8 975afbd5 9008b12261 5d64 07e29 7fe71d753e3e
2025-09-28T15:29:13.635798Z  45188917160 56c9 6ae756125236 4ab6cf5c a84668 8aa9 %% 945b3210 52fe 5d683dcc fd2b 7b8e18 64e0f108182a 7ba77 aa122ef179 5473a4 d2eb1b0 55032 9d039e3c 01a889053 627444 37503b9
2025-09-28T15:29:13.656972Z  82e4bf34 0e61 05d9b79 b81f e10fb0f7 4166971 55354571ec34 fe6f065d0f7 5338 a5a4d5 527ddd4 1e5a1 d427ef3 ca827449a5e 5c43f35 2f1a7bbfb3dc 373096824fee 04c2 9dd5291bb3 13538e5
2025-09-28T15:29:13.677796Z  cbb9fd99dc6 4467 13b1c5d 8595 || 33b54678a38d 26620328f9 5defc3fa -- d88264717ee 91f55 ec08288ef0 416ce6211 cb522771 2e2411b9d2 b52dc8da e2285a7d0c 88af 1db6 90b3165 eabe62
2025-09-28T15:29:13.698899Z  caba55926935 a29b034 b18ce3f901 4250e942c4f cb02e9112b37 f6973f9ed5 b1fde 742cbd60e8 bcf6e667f0 7d0e608c8f 01710e878ed8 59a538d79 a0b4c642 4233a b770b0c45 7416d -- ad07527d8
2025-09-28T15:29:13.720051Z  95ef302c49cc 57923 12a22 ca667 389f 509da b3d1abea902 1092b 282c88 5b244e411 8d148ac0 0a9fb7e7 -- 61f4 1b32e c310128 315b62 276acd :: 6271675f 8c02d5bc 848c5fcb94 421fb83 0eb2ad
2025-09-28T15:29:13.741453Z  39358727f97a 92a5e6f66f 9eb5 2777 ae04eec9e cc2142917 cd1c0cbdfb0 902f526d56f 9ecc0b2205f8 32911b75d9 572c928f 64df bae4d603c7 0bc454 c9b467 3a79d541 7802cf4027d4 82557 969854e9
2025-09-28T15:29:13.762691Z  98c28646 b215 d5e5b3 a438 13330529873 4aab 466c 1beb93dec835 ed72b530323 7c60a0ad eb31b6844 0da7ad0aa4 4f5f9 5f518f1e 091e 3c87e8a589 ffb0a25adc 0494b1d fbe1b8b206 be86f2a9706e
2025-09-28T15:29:13.783886Z  d51bf76388 401bc 7ecec10fc6 536a 38f56fd1a f2bb1be3 772b5ea0c 7dd6 b42f bddbe12b4 92f137b45f 0c217 6afb6758f272 0c028122a de3472d42c cf65e7d e19390d9ebdc 73ed581cd9 c60cd76d42a
2025-09-28T15:29:13.804904Z  e96d2 56df e61702f c7fa 211fde1c 09cef6b588e 7c226bc9d 680e 68b2 a32c 4a4b b4d9 a8c4 5470 2d30e 96a5c90 458c 3bf86905f339 43cbf2a9b00b 8acc6fc0cfc cf705ec368b b937b80 219de5e
2025-09-28T15:29:13.826033Z  34b87d5d71f5 2de0e6 941785 fd043f b9cc4 4e76b9e149 a7245 42381aa06239 3b67a6b98 84ee fc64a 65c249195d7f 5e88056e 0ff0a 927626 16d9c2e8 8d5facaab3e 45853bc7fb5 1a31cdb 80dd6
2025-09-28T15:29:13.846872Z  f79356 aced50 07ec5e 141e8 93a084cffcf8 fe4bee3f3e3 1b8a25bc0fc 7207f1fa 98808360193 851197b89 b7df863057f0 285f3b 019da4971120 1994c 25623e058db a0a097f d1da3fb5df 08f5 %%
2025-09-28T15:29:13.867804Z  9e25f3d || cf51ccff8 62bd5ee050 1847406f5d 511b3 c0e9c a993d7cc 87401e47 102b5e97 543de9e5e8a 1caa 98133d514 4187 9d2a66 4860 2b6760856a f2df c2d5f4f ea2e8fe6 :: ee5dbb7a0 e0515
2025-09-28T15:29:13.889056Z  d975 a7ad1b c7f48f afd05bb7 eb739b 6dc83eab 14789a8d1 73e0b 4d52c 158702 9a276e56 == 46ea33468c -- e2af 44a3f 4a7a0141cc 74a318 f1dc :: c4c146a cac4934c04 8dbf7 c39d2b7 a9766be1
2025-09-28T15:29:13.909740Z  c0c6c1a8b f34abc84468 ba70 ac47b9498425 -- 7068f6d7a a24d8 bc6dab8cea8 5954242e a3f17754da1 ef91a2c 322c c69f0c76 b9ce 8b71c0f008 e8d7d9 2c099ac3f6 e3f27 29ba15 fea8521184c --
2025-09-28T15:29:13.930922Z  d205a f218e db3ad09eb 0a186e7 9610d302968e bc7026 3eab5694cb7 6b51847fdf5 2addad ffc72a0879 d10eef 1f12 95c2e6 46b4456ede4 c207c6 1cd1ac c19bedcb3 1bfec5508f f3cc14a 7c0122e926d
2025-09-28T15:29:13.952122Z  09147f1f6 7574 ee6c6fcfa312 4682eecb 8cf447e90d 694b1fec9f2a 5b7ac391 b727b08a7f5 fed1c661062 -- db31 || 2aeb439dc9b2 609a11 3b5e173e 200ff2e3 88dec ~~ f6340a761 1f7e3cd36 66090
2025-09-28T15:29:13.973308Z  2096a1e32 e28ba 69747e04ca50 159c34abc bea5e e7414dafdc 0075ceb0f9 78327 9e03cd5a aea3870 4cc66cc6ad b7eb94af7f7 bc8c ae8e3a5605 2da88 30e1bca6aa d16df7cb7ab || 22fa fde36fe9c
2025-09-28T15:29:13.994502Z  16b4c0a679 :: ac45 15641da9d254 bd6a96d f0a447 780509fa 7a1c498 a89de07 f485 bfa3a459 1ee010e e554158b3861 535865 e2a46a23 ## b5dbcb 2ff741 c2a38d 6a46340f 2dd9d 5241fc5528d
2025-09-28T15:29:14.015659Z  a4e1 38085e5 2d188a512e3 5f40cbd 1b61a06072a e55a795de051 c13ab54ba7 d4efb63d5 5267e11b3 f17f 6f5e0 8091024c9a2f fa4d57d6a 2a776d9 :: 23f493d3 6e9fe b133d7b 15fac4f0a6 4a38f2
2025-09-28T15:29:14.037188Z  bdbe1c8 3ec719 8c7b364 17512 fcdb644 214f == 147210 26a39f194 239382352 271203f 3aabd266146 5873e8c2c ff16d7ce9da 33d4b5cda5de 6ecfdbf e2fcc6d 21fba6 dc73bf9e26 e2c1e fcb8 d353
2025-09-28T15:29:14.058143Z  f4b11e548 69335141e2a5 70fc8f9445 ff86a0 d2c84002ea87 ef71160 34bc2f99a54 c28059101 146595f7a 67588fe 393bc bd1bd5fba f6efa9cbad6c 7ffd54 1a7eba17 ad855ee1 9fa63 bd4e02757707
2025-09-28T15:29:14.079208Z  8225 61e3b6 83e2fa65e9 -- c879a90d 8040 f4a242 d82f9 949b846f3 dbe48391898 3dcb6f 8c01 3df8cb0a9afd 1b291 cde727672 81bf0 99d27573 ee805b6 32b78 4d9c bd5fa e904bb2d8 bc25d 008d9
2025-09-28T15:29:14.100408Z  5591 a70ff9248c5 bed7 17c331d 8a6becc 3517fc 310e88d71 -- f4e8f42 19c30291 710d2f0699c 2c80fd35 f9a994c0c dde52cdeaa fa49b8a784d ec39909d 909cc17d5 9a9a038ca2b 89d15f25ecb4
2025-09-28T15:29:14.121243Z  2913eb 39ab97 1345cd b126361 ## 6909 940c b2b9f9cf76af b7bbb9fd29c8 a88654 78b5e58 557558a18833 a316c773 02336908020 a0c70c1 8d132017bd9 79bebe 211c0d6 7e69e5c 0e493fc4e d118adf
2025-09-28T15:29:14.142238Z  3700175e0c 4e77178e3780 e4d0991 e3f55ba54 20de 5a74cbe 1b78 eb2f151 3af7c7 10b9ff5 5e0b68d95 e5a2a d545606614 5d1eb5 6ac41e641bb 4ac4330df56 cb2de301fd0c 9b72 013a85921cd 2e653
2025-09-28T15:29:14.163448Z  63d200c3 78a3203f 948bc65f9296 b3f8842755 c157d8b 414cf65c9bad feb267b3e87 6458e fb0841 7ca03a 1f170fc9 bdea23 21ce c9f9224 5f4bb5269ab 7f30f9 b44c0833b1 59ba761ac c786fe 81480e
2025-09-28T15:29:14.184466Z  909e34279 3f6a48 614e8f4 28f5e e3e5849d05fb 8c72e269 37141 1216e8b 2a0f bf7b839005 831ae72d53fe 2e116f5869 ac3fe7bcb7a 5bfe3955 b3c3 4611 1eb49c06cf70 25ebf5b0f60 %% d3870d
2025-09-28T15:29:14.205564Z  d4a3c9 9fa1d6a 5367956fd2 6f72981d 42d74bab61d5 f951 :: d8d81e1ec17 cbeb5c7ed 00aead80 :: 6bf0a c836783e4 5d4bb7374 237723450 ac7f4185e :: cc28 == a758592fc897 988a4c4 bd424800c
2025-09-28T15:29:14.226475Z  412bb3db 518cf8c8 af968 be0c19d4d5f a7740901060 -- 5d9106451576 1ed1 4c5e7e798e3f 55d8f0 027f770 885ffd0be15e 4b2904 == 0da2ad2f 9f080db14 667f692d74 e9dec27dc7f 5c9af c18ea4f
2025-09-28T15:29:14.247212Z  26ca :: 8becd 8f75edb83 %% 16067adcad9f 1e49b6884 1be19 c5b34a6a40 864c9fb a8d758eb03bf c170b86e ~~ 595a4304f a7df4f65 b14b fffd1ed8f d53063907fda 7bd53 9b4dc35 8831a404642
2025-09-28T15:29:14.267997Z  d6c57f7 fca38ccd846 8213 12684 b9dd4e bab56a28 0fd4da -- d98af952 b4f08ee2d 78df826165 d8c6c 5920d07 c6338 a713 8ef1 08a4e3 cfe84d0 8c1de7e5f6f 1b202179 f504 8ba96e 287bbf 45be6
2025-09-28T15:29:14.289163Z  ba85baa34 8e368e 74c52 286e4b8ce -- 3a361efb 000ebdddced 53ccbf9b42 5d89a9699 10d972caad == 41ab0a4 1a07882 b8ff0 6cdb47b93d 806b70186a1f 21ac64159f3 38354ee ## 1a6e7 56a99
2025-09-28T15:29:14.309894Z  b9dd 28f931 2a60a206b b0e9fbd6 -- 485893 156c dbe0dea636fe 994c3595c68c 8ef8fd 37a3b6b954a f6bb754fcbf d5450a610 fd066d5f45 2946 :: 958856c 767bb2e58 19b5eb11ef85 5c5236920a
2025-09-28T15:29:14.330675Z  9d7b1141f 2126d1 156bbd 2a9bd5 d58ffa cf039 f47cdb62558 b0fe97f2a0c ba4ca 2764f8cc79b f39fc93 d9d093 78438c941c1 d8da7ea0a9b0 47397b58 4003d3 32180262 ca9577066 87f1e701c73
2025-09-28T15:29:14.351884Z  549d1ac9da9 e87975 5bbe -- a17f7aa703cc 9d1b660d62 c9086 e26e645ce96a :: 6f1bafa08169 2f1de6b2 be0a f0759d bba917a3 a282e2f28 323d491 9fef4 982c 8b40 -- 86f929 a712796f7 417abea
2025-09-28T15:29:14.373125Z  6a8aea8d7 0c452c440 768cd99 b7e0c1d fb9782b1 17ee3dd 1d8738 == 1c3b97a487 8f84fb95 adad 820407f1 b1f6bc3b 80c66bd 51426 == 87390f01f8 7a16fcd 6ad978e81 6add98b2 d9578 74c2255a62
2025-09-28T15:29:14.394370Z  1043afe3 2915b8 897747 0c8efd22 521d6a65e9e 1c4a2411 ace0f353 dca154cf391a 44a55e53 2107a8fbc6 e423ad958a45 b313385661 318f790 bf9a5b4 b5fe13bac4 2d13b357994 b93a8930 6f1add653
2025-09-28T15:29:14.415333Z  b7b94 3a557 d8fa342588 1ae9 e42832 17e9ec 960a918163a 41b586bf 880775d5a 0270e ef6c631f8 17aca4 96873550 ba01d5ab0a 992d8d2c 6fc1700cb 42383d74a b6cea8 a4d0cdb b00b030673a dd9a7
2025-09-28T15:29:14.436441Z  35f6bb99 54cea a407d 233dec9 74d722 bba9d 03f8cd 0606428fa ca1e55f 3685ffce4f2 3a80cd23 7c203953 c983cd9bb d5a68ca375d ea588b908 0401f35631e7 b41ece4 db8073 53c0a be82 3796cb310
2025-09-28T15:29:14.457216Z  b403 6feaf0e00 85cf5391 db3b86f9b0f 41a9b 431d3ea05227 cf175 a84d022 7b7bd0 259af0 2ea3ff be9ae6f6d 8d296a543 c5f2b48a f54b751 c27b12648b ## 0fe91237 eb29ef5 2a55dbb83 81a9d9393
2025-09-28T15:29:14.478601Z  27e9ce ac28e 9a6092a 501d66 == 508ef9bf6b8 db560319c 783efbad25 7b2078e8c || 1706a5d71 26fa159f 8f9712 5e258b 5640df0e3 216b5 264d2da7898 fde0759d2074 edd9accb5ec1 1dc98 acf7ea
2025-09-28T15:29:14.499826Z  1a19e1033 %% 8c4f18572 1eb7534e9 a327 -- 77583 c083f17 41e0 fd6685bb1 f93cb1e19 cd1fb72 7689c1 ffcc4387d27 6c24071e0e47 bbef3a 5c14fb34687 484299ab 424f5f86 5eabdf 0bfd0 c560c
2025-09-28T15:29:14.520882Z  c17a3442 5c813d 81dd1f 3e614e8b 4cb43 6ccc37abe3 0e61a4 a052dffa5f d90846ab4bf 3d44 -- 52493bd5c 37c95d7 423c9d5 00d8dcd2eb ## 21f48650 40599ea5bd4 a5539 387d 071815b5a 3c84 --
2025-09-28T15:29:14.541720Z  4657741eaf ad5f3588 7c6a2a9 5f1457d9221 b47d12db 059755c6f69 e0e8f 9238facb8b69 1399dc7 f61ff 2d7d 5baf582 694d113 9cf0953b825 d3006e3d6 98df4b16 16a6a68ca8 6be5 8ad9 895d2c
2025-09-28T15:29:14.562844Z  a5f4d01d8f7 08534f7e f8b3d 03138 3701 ## 9808 1536496ae 7ab664 9dd9 9708ef688f 2c308d06018d 7adbe1 7f9742fa aac0b7a d3047 99fb55b363 dceb56a 44a163a 5c8a9e12eb 62670c09 || 3109b
2025-09-28T15:29:14.583853Z  965f939c2 c12c8e04 febae95d3c8f :: 4266ef5d47 62da86 be66c1a8076 9d2fa8f92 80384 6310172f6 8fe3bbae3cf2 72582fc11e d01a490dd8d d565c3d7be1 ## 48f95 693f14 3429f08c54ac 982b1
2025-09-28T15:29:14.604683Z  589138caba f72891dd a19225762fb7 || 3270db 8708479c6 5b841f0f89b2 22756bf38 3856fc df77eb8280a 911e df61e cdac371a3d29 9ae1 22579e17af8 873443cf 148d63c a76d74bab1 383e3cb 463b2
2025-09-28T15:29:14.625653Z  29b9875561e6 cdfe0fe94 5b956c5eb7e f8d3e00cc 39e2d0 963f1923de80 73eeac6d7d85 fdff4a5 9f268190 54d6b55613c 2d5116da cddd7e9 c686c050 1f768dc 5b7c68bab f9460f5679 af9dbd9e129a
2025-09-28T15:29:14.646531Z  b9157f9 31d4d 9a9d9e4 dba95bcc 125964599 97f66d268 b6919396b ca76eb6f8 92477a5c622 a0ca21bf8 ece6cbbc11e9 90466aa3 7e5e 5e257a6e f06abeba73 29c22ee64 6bb32 a845d3f6 0e3d 200d16f
2025-09-28T15:29:14.667748Z  2e0b8dd b7df0a4458b 932db8 d65d74d1cc 2ab3 1389 5e2790e9 7df1da0e 8dba985a22 02db13c 70e262c abf661f411 ce435c62 5bb16c29 d32d3 a7221993 12648 de099b66 25a364be d0eeb5749e4b
2025-09-28T15:29:14.688831Z  7c06c0192 :: 939d 25695869 7323e3a2e 1b01df0f7 2f2215 9a7930ed2c 7361b691b9f2 60f81 ba05d05dd7 ~~ 110214 d1e1558a772 34188c97 90b4aad5 ~~ 72de37 af95aa2fb 35eb76f63 3bf992b630
2025-09-28T15:29:14.709585Z  f9c95451f e88c531eb 5093f177 c6c325 ea01a4 972bf2b 810e3156b3a ~~ c94fce4dc bd492d6c1c2 453bb40d8 80586fd5bbf beafc5 caca6d825b a3fe11d865db cd18 8d80 567dd6 3b07ff37e e6396
2025-09-28T15:29:14.730597Z  84cd9 49c32c4 6b47c 8baa 94cbf67b1 24b63 bde2674 958bbc8d53 a72b71aca2 ca9e ~~ cc86f34be1 4e6e61c89 771334 71792b77183 096f6f91ca31 74dff437a 413b14d578 1a25209d12 7114e4360a4
2025-09-28T15:29:14.751457Z  7f0f db5671 37c66c79a ee8751 303b5749325 49c508 0defd8efd2 ffe0da1 3dd212 7378281c d6fdd16a58 0772ecfa2790 3b5a4eaf ea34c350fe0 4ebce28a5 a50fc326df6e 42afb32c6 cf759 eeb1d890e9
2025-09-28T15:29:14.772195Z  dca4bb0ba6 -- 8f20c c973c1e2c9c fb628d5edf9 cc0f191551 abb8676 %% c10dbe54a 14aef0da12 4abdd a0108c3f1 c24e 1f1d7d291253 77bf266f4e40 d36b90 60ada 7efd 2ecd6926 d323831a 04df573
2025-09-28T15:29:14.793255Z  4c06f35 b07e41cc239 0749602e202e a2a6155fd4c ~~ 19a9f9a9af 5c279b75 54aafe006f ea41 692de ee8b92bea4fc f9165405 58acbd 98194ba59f17 bc6d4 69021d 14f486a8 68f4b85a 723e6 45e3cfac
2025-09-28T15:29:14.814146Z  8b1ab8f cf92e6254da3 e30364a7f7ff 72f383 f0ea6d20c 3bdd0bf220 || 9958b133 299ecac5c604 216105afa 8eafb0c2b7 05305c || 413b 955a0 824cb23deb8 cc27448 961a856032d9 99969a40 c8e46d
2025-09-28T15:29:14.835223Z  3e76987 f73b8d78f 3b9997c00 1c9a71 b0ce08e == 9ee2561 5b733b3 d8733795 3b23bda 45cc3d9 c0105 747f0fa6a904 12bdaccc8426 7776a0b70 8ec14c6 f570e4a6318 1d5a6d 9ad5 b8606 25d1ab0e3
2025-09-28T15:29:14.856386Z  27fcee91 33d832544b1c 96c38dc01 cbbc65dac 953540df5f16 eb093bc0193 4ea3f2d3452 cccd9 72983ebf09 f131819 14ec41a 569cc 13d0a9af 4a23 739360f3df ab071e 3b050a565 f81696fb0c 043d9e
2025-09-28T15:29:14.877367Z  7c59 39ece69c6 295f152e9219 721c8e4 954e3 131dc7 %% 53d7f74c18 d8c7 d055022d 1d900a0a0 bb2a 88e2cd c1c87b025 fa4647 8904f df6d1d33e50 dbca2 a01772 fe6418c563ce 5002e0f81 fa4305c
2025-09-28T15:29:14.898392Z  b2131456 2e4ea5 5554ccd5 fdbc82 || e81890c07b8 6ade767e b33ad32a051 c806a :: 3e23e3b0 fc2a f1a4b6 7eb86 b254fa 2f6d edad7ad19 3bf7aeea 99d365 4014759 7919ca8 a571 5aa2c92a 98197
2025-09-28T15:29:14.919152Z  dce6b4af 97ab0f 80beb44acbad 9586f6 db5804bb2c %% 0d564489 161fcfe3576c a13fb72017 17b02fc 5d9576 46888 4395a 38e84 21717146d 45c2c 8d96cdbbd9 :: 304fe115d 3a9a2e2f0f 54d8b6b ~~
2025-09-28T15:29:14.940205Z  f49ad c0437f3 db3dd12 || ae0376 0b6b5 91b6f48 dfcc8959 4ba7c 49269 0905e8959070 23fe b331e873 55f7803b532 7dd97d78a 46d6f53fef 384e4d98c82 17da a82d1806 c38a88334e70 5a4474a63a
2025-09-28T15:29:14.961658Z  84388f 1ce2 6f9c5dd0ccd2 aafc2c1c4119 5ac8 581c2c0 74f32e88958a 2990b5571 c21de649dc ef5d 95b3ca95c d5b1b4a57a 9953a3 6c9becf4 :: 857ef864 54b6373103 93e3ecc53 59b14b7 eb5fb
2025-09-28T15:29:14.982794Z  de18d803bb 23986 39697f9dbe1 b75a7346ccf6 8024035395 efc6097a b031bd75a5e6 ## 355ce96 5e1c9 81186 56237d9c7d07 cc9edaae48 2422081 a3e3d31 78c649 c83e8 99acb47f c1f649e97f 61570a
2025-09-28T15:29:15.004072Z  babb852a24 c723cf34 2daa7f0c 9c2c2d 3750458b1 5f28506be 84699 dbc2b27 dc9d756a 09e055d096b dcbab22 dd05ec 3b2197a0936 6e8a9 be740755 4cd350ce4 9e259df869 8e158e38e10 d84c68
2025-09-28T15:29:15.024837Z  03475b23b83 2854 8b60ff4b2757 fd81b1a32d a0b9e6a5d5 751ae e8d9dc8b273a cb2a17d5f 74ec21c2829 389e e9602 faf4789 96a305666237 25ef4ddf22 c81848bbfa82 9ee4 9e5c1 194e0ec8c 1d4f3fa
2025-09-28T15:29:15.045574Z  b43c40733d 5f70e fd0dbc17 303832 e6168f 781a0e 5ad2c450 31186442e ae8624dc2 a25603ad 0ed8eaa1 9831080ad4 e264b3e 37bdf7f0970 ~~ b327 c1126c1d0e 99faeb 5cfa5 db0eee9d1c0 10f517b7
2025-09-28T15:29:15.066363Z  7a04e007c49 d4e972880c 2ee675dcab d548 0b2d480 6797364e7 == 914b 0a991be3e10 4b8d811 1ed7ac31 29dc4 3e08a 3456 0ec101 ae83f1fa97a f6acc4 93fae c6a0d1abb6a 7fc56240d ef765025f168
2025-09-28T15:29:15.087079Z  c94f4 385f01e81cd5 34e0ba0e 3ba7215 730c389f 818c20a0803 a42cc37 c2f851d01022 7dae3032a93b e49b1673 27ab2d fa49691c 702ffe 3daa2484cf0b 9e7e a19f817b309 225b 39157013 8f89eb078d
2025-09-28T15:29:15.108244Z  c107ff6290 b8c44feb76 5fb69 39225f8948e7 fb5841 cc27ea02edcf 3fe4011a573 097f7ed20 86a24 335fcea72 21705ee0a 3c20860b 7c5bf275b889 6465610a 328c f0c3 == dd790f0864d0 1720e ##
2025-09-28T15:29:15.129106Z  663a2f2a9d8 8b63868a d684b 30ace60 4b88ecaf4d 49ea8b686e 278bb -- 80fd28 390be31c9 85d63539b 2063 bd45 6e1beabb31 1aed f7d79da8 90e37fb 35d5 ebe4c ec9b20e8b3f8 d3fef73 8bb08e
2025-09-28T15:29:15.149991Z  7e2c1 226120e4c588 97d9f2 f5a28 66820 ba44322c40 5d11f 3a0ed b86c039f62bd 171976c2fa 7927be6 574a 4e5267adebb6 06668 854649575a a74e 542c427 9a2eb ab0dda6 c0c690751dc5 a074bc169
2025-09-28T15:29:15.171129Z  c3c2714 54ecfa 000fb8f34 b8ccfd0 5f160 d7bbceac ff013ee6c92c bd945b9 a0281e4 a17f0e511e8b 096f66a2 b04b e8476a b2834cba7 179c02d76 2365d8e 147c20 74839327528c 8c25a93befbd 40f1
2025-09-28T15:29:15.192326Z  cacf4bdb fa9d2635 46425008 5809373c27c f2059c2df 46dffd21c809 7a9c4e1 ~~ 8551e312c e29c c3cca31d0 dfd2d768ddbe 6c11ee53c8 391d 43f1d97a308 5700 a2d6ddb6b84d b3ccf381 ## 622ef4b4
2025-09-28T15:29:15.213285Z  b577 a258aa8 fb60878a ee328cc0b06d 4aba 8d49bb29b e1fd8f9 1e88f86bf 7ee06ef7 6cc7c -- 3881715ae63 2eaf5d2 3a05 == 3669 9b47f60a 7c8ef aebd850 1ced6e76f026 e64bc a58505eef9 afa4e
2025-09-28T15:29:15.234282Z  52fb565b == c6be47a167cd 00ec b8ca3 a39aa2 b3afe7 85f0040d 979ad8a75c58 ebd451e339 e7c8ff4a23 1205bcc8f9a9 1413 3cf611406b29 2268cfc455 47d7dd6 96d61 372f72cc15 b61714ef5 b8431
2025-09-28T15:29:15.255262Z  543e32c2ed 9d1e c5f5ca9b1 6560e35 :: b5c2 34d2e6ffd4 eefa977d5d81 debbd1 14ffaf2dbf80 9e38 87a9 867520d5 1b41501a04e 76be7 4f1f90 f98a82bbd66 c381 14812e78 dbed a1a49df61ede
2025-09-28T15:29:15.276067Z  4773975 b60042901d8 1f6554c50e2 8316e76dfe3 ec8a5e4c cc62c34e0 64942c2c13 7b0c2 a29ae2ec 9c8dce060aa 09b6d2 8271b 6eec379 ebe0984b f4471 46e1c019917 0952 89b1 2d48dc1 bdf095b3
2025-09-28T15:29:15.297320Z  37cd0b9189e2 5a034e 05a01 e45a171e324 08722c 97fc04e 504c2619dd7 6c68968 958a40b 10a217c 15b80b6 3018e09005 9cbae1ae3e2 || 8ad4d 1f299b7963 960203c 9f3098 a145 ced4 f107283a52
2025-09-28T15:29:15.318598Z  ea7f45 fafe2f fe26 da6aa354bd47 f7c8cbbc7a48 || 0a66130d :: eff0498 bad727 4d0fb6046d3 4d29437ca014 c00ad7 a034f 281df7a9d %% f1c1483c8b3 c78c0b 6fe9 9b573b80c3 376d6f %% 4e3803
2025-09-28T15:29:15.339516Z  60069ad56 40bb0a d2087 c025 44e5fbfa c9b0bbe4 553adb33f3 67a9 1d6fd9a60a f3e377c9b 289bac58570 fa84baae22d2 770a a3f9 6b4c611fd7f 19520f878 111e8faddf28 a10fcaa1 67cc7406ee6
2025-09-28T15:29:15.360680Z  040e66ae94a ae946de bf3defb 472b924fe8 d34aedb4 8c35a6e8 8f484 1c08613e88 318943 88f1d 53210ea76 35a78d69a 949a94 bde64406b1d2 88f1d8 03e8e53cd44 1742b44b8db 50339 8620248ceb31
2025-09-28T15:29:15.381681Z  c720 9f189d3 c37213d 0380c78db02d 1a727 7178f1bf b73689a57 13f225616 082344350b 9bcc933ac63 3ae3d52982de 271274239 63660 774714bcf fa3bab6d ea276cc3b777 b783 %% fe142d70afc
2025-09-28T15:29:15.402815Z  63963274e791 0de64969f 2b385c9 6bd56433a8a ce3da51a0be0 1f7b 764dff8df2a c44825c08a 927a5 57c0e9a :: a1f40 3a7bbbc 3a1d 2a07672 f9fc7fd48af9 1fd89574f22 29ea13d3 b476e 53ca08bf5
2025-09-28T15:29:15.424103Z  aa480 f4caea086982 7463c0 2f38a 37ba05e1 fcba6c2307 2318b1c5bc8 eb3be81274 c78fc73 87646cf82112 17341fd04 941fb503a5 da0a544 2a5493 a1ad 5ae23 ec717e 6379a7a 6c552e49 a5303506ee
2025-09-28T15:29:15.445006Z  6ba0a6912b9e 7b7f 0ef5ebf470 e4ce9f606f52 f391 ## e878ccc ec23070b4d1b 8b5078876a de150 6ec24d91b e496ab2 099b81e5922 :: 9c358 36466735a29 1a096b1a 60eac223 7da4ed 65f9 9ba0ef4
2025-09-28T15:29:15.466188Z  de3d2c95d834 17f0 562a5b 0e72 f2da d373 af0cc5 8eeadd34e ae07b54ab e0d485e ac08e7a50e d59aa29a2 aee0f874b 76f20 ff5a5f48 23952 065f41a86 292e4bf ae1da86 636505fddb4e 02826f1012e
2025-09-28T15:29:15.487186Z  ab7830184ae 2b1e5b8e aa22 a165c6cf9c 2792b70ce 96ddbea 7b3f7d7978 6a31f11f6 17dd3b 96f76f633e1c 6035406122a6 cbe029606a0 bda5 cf863f74e482 393b5475 9d42b3e106 5b761056 7657c6e72
2025-09-28T15:29:15.507964Z  af4bf6e82b 86601e1b a9820b650f73 -- 5674e72dc67 defa6d 1ae5364ad288 c826fc2 37d3 -- 051033ee cedcb 31d15e6a6f0 fb2f2c3de6 2001797d54dc ac76 268d3 d6fd8da2 50a190 c3857cce0 18981
2025-09-28T15:29:15.528736Z  1bba5f8 0920b abb8ece6 87a936 f05e 674a8d8 eb00d3dea 76f94e5 49552c1f 53d7c48 421d6fa 04f717d == a28d4077 6e0f827 7100 6bb48f94 26bca5dac2 04dcc2621 0d055e 0f7956b0 0a5f 15863
2025-09-28T15:29:15.549529Z  2ba32e51132c a866 5d80fc a2b00 8e0594afe6f a55676854299 e15a16ffae9d 437031 dc02f14a65d 8116114664 741fd185be 40f5452387 c67c29fe ## 9962a476e 05aa8b2fa4 0adfa7713b6 338ce989f66
2025-09-28T15:29:15.571113Z  17b08e be8bf72e1 7dac4 c0b72c4642b9 133add1a86e 0ebe9462 e8d0c012 386a5bfc 7f28f98d bb50b92441c9 bad56c8530 ff7f194 0b48 1af96aba 9c0ed17b88 13f761c || 1974e9a4 be4cb42 88bd5745
2025-09-28T15:29:15.592381Z  36cbe01 c59148d67e70 -- 99a5 8202f ## ccd6f4a0 f83c91ce82d 4851100 %% 3071d0 81083a2b 3f38fd781 b2ec8b -- bcc4 d142e4ba f0d87d8 b86b 6a358 c8a4 7ff27fc eb1e6 -- 7a7d5413d3 c66f2
2025-09-28T15:29:15.613141Z  9b673da37 545634 95e8ae1f c0b87dfc7c d8009ff6e 2c2c8 cbb639307 670e35fa52 ## 551e4a6bfc 8672424304 35754024 -- e0959fc5f 79a93 de3b75e5389 bd103e141 cbf512ce32a a3d01bf3ad39
2025-09-28T15:29:15.633859Z  15a5d348eb4 f0f9a05f e92b2c784597 ## 9924 :: 76e34e48e c1a816 8203bfa5 6f625835ea 9e7b3 49b9b7 4ee2fcfd25aa c27ac == f18126fab00 -- 6133cfe43 b0dd5 21fc5945f 0a0f666f29e 2a3851e
2025-09-28T15:29:15.655067Z  16ee218d9 aafefa7f0 7cc51 68e64bc0c 1f6d 50efc c96e 546bb7a7 e4ecf7c0e ce128f 0464ddecb12f 13ef1878631 325f04 == 0b1df1ad3f f3512966 26e901c04 7ea4d3 1e0728 01d5706de215 71aee0
2025-09-28T15:29:15.676141Z  9a429cda9 521c67c32eaa bcf664b74 e7853cfa 524445c baae5c 691b08225d95 6647ab c0b8a0a44fab 78fa5 413348d 17615370b1 170a121f1 99bed02 1a47c9e6 0f8093 05bdea0 9464 dd81 8fd2 2194
2025-09-28T15:29:15.697298Z  c3ec f321bd1 e56608fee2e5 a46ba 15a060 %% 5454 %% 0aa6d39a1b4 a48a91579351 ef78ef 38a8 61c35a9 f45f9 91f7 7dbcf5 1136 e89db3 969f2034 5e0d647432 b76adc 30b736a43493 dd761e13
2025-09-28T15:29:15.718325Z  236aa19bc8 489f05edaa 2b00217 68fde2026f2 711c50 -- 1e60f9c39 48cc 36737317eaf defc 9806e92b14 b13158e0 2c46f5e57697 c4285e068 d4cf8b16e a6fb2 c109c5a08 decad 21da1e567a11 3b031
2025-09-28T15:29:15.739439Z  839846 3963724a5e3 2691fd60a aa5ec298c 8b2c51ce eb5c41 0dbc 963c862080 a3ac14f92c76 0034aa fa3cc4f185 61a16 b743ee93e 27718d5b6 4f6ec 6f201b104 -- 326a4e15 ce3524015f4 a13d72b9e
2025-09-28T15:29:15.760630Z  8354c12ea01 e99d3497 af98d || 8f964 2549 137d59cd c30ca1 4b031493 08f9726d0 d1f5cf9293c8 0c03 d1a2bf421 5f927f48ec 1e9c26bbed9 3d466 -- aab13127a bca2a12e22 9ab55 :: 6dfb488f235
2025-09-28T15:29:15.781432Z  9cbf51362c 322fc c0137362 == 77f66b 57e99 6d96 c07f4 294dd :: 4ecf15fe f4fc47d6 cf24dc64e0b5 b21710c3e 74a0123 :: 4f73c 5fc961 857e7a236bde 65851ccffa 68b43c4 2f65e6e4 f295906
2025-09-28T15:29:15.802436Z  fdf939b1cbd0 190966 6ff03c67922 fa99a8e3d0 dad19040 5f0b4cb2 3629 516605c9606 5a055d1a 0f8b7439db47 4e4c1b67f4 7b93d63630a8 6d0b 08173b088e2 a743a9 ec77f4638df9 1c611d1 55c4f3
2025-09-28T15:29:15.823395Z  e04477c43 468ca ce2cf34 bb59 bd1fc1611 23a912 11a1bbe 0a72d 4fa548da1 a52ed6 9353b8c e7e55fcbe0c6 42bc3 ba4f6d018 -- b8c3 7c039f874 dafcd10d8c5 24b327 244987 f66340292be5 a7540e
2025-09-28T15:29:15.844615Z  ecbaa479f8 9db295e05aa2 b2c6c5c39 5cb6acfe756b 170d8 77dc3 026085d3 || 6df0e93 d35e99 9bcdb1c7a3 7dc58d da831f fd23 ca1dc68 b6411860 07c663f42 776b 3fc0f029c7 b63ddc17b0 5318204
2025-09-28T15:29:15.865629Z  4312 07be1e6601 8264858b1 fa6b258f4 == dbf5996b 39e6f5a1c1a -- b08115e 7e4788 c07b b73b6315a6 ec24020d8b 6dbcf e2f6ffcd48bb 2c2f16 8d062d931851 7f817bcd31 d06eded39 14e5f3c2 ::
2025-09-28T15:29:15.886643Z  322b0e1499f e3aeed5a56f 5d3746701b39 d45c739c43 e9bbff3 c2057323bc 9a6ad2f7de 3090eae6b065 01dd5f0 8c19770e4 8000b beb1f 48d8 8b32582 e73242 a75447e1a79 e77a 826bea3dbd 1447
2025-09-28T15:29:15.907354Z  ecf7b0c17e 2b514277c 54e0 e04a20bab16 5724c064aa 4d0fec819e3a -- 1d2a3 1190c2e81 ed542f 45a5b597d479 ace9912 be1cf 7a7ba2c 6bc5076 6ca8 298fd9132 addb3e3 14ce0c2 ~~ 7b35f0 a824b
2025-09-28T15:29:15.928205Z  c8d9ac 7b094f21fa74 5745bc a2d94b a57a1e 3363 7a96c 01ec4346d c1e0f 5da6ad3fcaae 577eff1ced 4b2a70b 90b59f879 56c829e 879aa57d9 531b5 32898805 d6ac20d 68b2a4bad0 53f3c93 57e915
2025-09-28T15:29:15.949000Z  7c2e0654823 6d8fe69ff1 f4a7e95 || c00329a4626b 73988d7d 833feeddf 121678c 365163 34d264a9 bba7 b10d33d5f 1662d347f0 15d4 24314 38af 652a0573836 27db90ff87 4a30065e8b 9160f98d0c
2025-09-28T15:29:15.970086Z  597b5 a12862deeed e4fe839 7e339 6ef978d 7d9661d674 bbcd ## a3868f97598 b63b9b82f ba4d39ef5d :: 440866844 98ab961b9 8c9211 14d48 2291 d32d3e 1c43034a2 6c4bcf1705 c95f 51aece1e56
2025-09-28T15:29:15.991153Z  d7348 4025cd8f 5170 b29636e5 d8a8a318 b75cd0f96b98 41121b 0909c a5aafc af7733 d51362fb b2463 fbad749fd 9579e 60d9b b42bd45 d2c9f47f88 81dc933dba4c 9da6e8f6de bf2b8fff2 a793d ||
2025-09-28T15:29:16.012369Z  38ef91637cf 8155cf29a 39029 b53b5 7fcb99134 f1ad671662 fe0ad 848c7c d37120ad8e5 ff38c0f6 96c7 || 6066e4cf2d52 996e7a701f37 05886053 348f19c 400b878 8e0d4177 3d58c55e 6fe918877a
2025-09-28T15:29:16.033699Z  a237df657 45e2f286 4b5ad6c5e 5c7675 fd488b5cd 05db6c05d95 7c254 3c4d3 d5c5af2c a918533ee9 7fdc8cdc f00950e400d 0e82d5 bd8a82b1 bfe3c5ab905b bd13 4b438e8e f84b 19fc14a5310 6da778
2025-09-28T15:29:16.054766Z  8e2ef7d a96f3ba7 01ed9f5 e17ab 1705e8d7592e 02bbb 982d202403 274f88 8fdb4e3 b821c578b 5a24a1fb 1d34246571b7 2a93a794 1501e -- f2c1ffc6ed9 ~~ e3c8 f3a4076ebe afe65 379e18d4 02c05
2025-09-28T15:29:16.075633Z  28097d 06dfaa16fe2 7e318c10 5eeafb df92b53ad8 e200b8f4 10dd4cc39 8775f49 0f5736 == 224ea 6bea60 6dcd 60285c a69f8587161 4067a 214a 882fa98e27 dd08512 c964e3 09a4 14e51991af1e
2025-09-28T15:29:16.097210Z  9776e 0b2bc %% cde15 2b90dee29b da8e5c60349 03e3812 b00084e82 :: 0ddad84b 150db6f7cedd 37f30b952f71 7ddefc333289 3966fc55f681 4b1954397 7e00a4bd348f cdb9e8ad60e 41f9bdc4308
2025-09-28T15:29:16.118352Z  056dcc9a6a 4bb7c9e eed5bbf940fb cf4055dd dc6fc0ba0d98 || a472c9b4c7c 9d56bdc9fb44 d70b 65dbaf ce012d68 005ae4203 709615454 %% 1f7737 7538183da28 384846 90ca f139aad73 120e3c7f3a
2025-09-28T15:29:16.139462Z  a808c03c9ce 80af1 442144 9b3424 304be6554e a0c1089d2ae 212ce52dd9e8 aa98c626f3eb 1b6b4275ec e5937 8fe71a5a edff9 -- f7be9ab6b1e :: cefc95 d2fe 39c2 b5ea53687fc || 22e08fbe1e9d
2025-09-28T15:29:16.160257Z  d363b e5f31a 7300cc6 73033c658da ec5ed5d87a 1c5a03c3adb5 -- 52419c1c 84fb76 15bb88 cb75 3fb7 311b68456723 == 2a88a4c76f5 f30146c8 f99dd72e ~~ b041580dde 82c0abff297 == 86079ea50
2025-09-28T15:29:16.181389Z  771d2 7b881cabf2 36fa7 a9577f82e 5987961e12a2 ff6dfd1ec21 56144 604a59 83e66244f8f1 64ac8a1e db7dad2c091 442bd4 18d90 a7241d3a 9ba7b4bd1 f34e5 717bea1 224b0cd b7e77d5cd84e 0755c
2025-09-28T15:29:16.202675Z  1f966 36f66c35a1 214fa9f9a ab1cba5d0a 8d9e ae68 f22c16 2e7a ea6b47099 4b3e0df1 c2933 823a28 0a6e9e4 %% 1896b 2a064 62490 efc7e3c947 5168f1 d704d 0ffcfdb634 6b713de219e3 a97e
2025-09-28T15:29:16.223550Z  3449b39 4926e9f7aeb ec4edcc799 81d3e 1453da1c 98eb564 441dbc917c 87691f1d d8559 ab9f7c888 7c381 b31ce67ef a02442ca5bc4 3b5d e248d0d 6486ef1831ba f3d434600a2 29b8f6c890 5ae5efbe
2025-09-28T15:29:16.244478Z  014401 6b507 c682714b4a3 5e43 4498360c8 a5c41491b3f2 52155 f0929727 35ce0a40f8 8fb10b a1e7ef69 d1d98f d61325c 9c66e561855 36a5110 a23c752a9 3f347 7030d 0e4b756 e5bbe75 644bd
2025-09-28T15:29:16.265331Z  c96431c41bd 7417 fc7c8ea28ce 470d 51db5b a2c5625 41b5c58 6611 10ac33bf8213 50786075 224a29b43f 90d5 20720d9e6a1f af277a811 4ccac 05b50 6531a43 0b2d1860278f 8478a03c5 5492 a64a20
2025-09-28T15:29:16.286071Z  2e3c57e0f883 058fd -- bdee425f a016c63914de 0a138480eeaf 2948860607 f2e0ece404e 0426bdf3 e3f9 7c24 ~~ e3d58 0ca96c6 87f9ca4586 675a9 :: 0f5442f e178bc5 6d51ba0b5abd 1d7d5882c6
2025-09-28T15:29:16.307180Z  eb92955ef0d d8647c 5825 90e77913 018f788a07 8923 9c254c7c d87a53ee0329 b02fc91ed79 352c40c7 8b1d7a3dcfd3 5a63392effa 46fd3 7fa9887681c8 63f2d845f3 31362fdf == 59903 9ee3a59
2025-09-28T15:29:16.328233Z  d83e3 8df6 f09bb91 d818 a9f0cf15 bc9bee72c8 bc7099b3150a b33d25b c0f8bedaa d2d7724 4f4a004d f6094e15 8054ba42 04b5c edb7cc6bd 0fe7a2b81d 2eacc6a306 17dfb6c6b 6f6eaea293fa 4f4392
2025-09-28T15:29:16.348946Z  f7ebc 3b709b 5025c3cab a1213354 6dc33ed20 162a1c3d3 7b56563 05fd 9342b 9a355 1d993bed 442f821c810 1607c3a51 38a6512db 1b7e44fffbf 4527d7b7 1606 8c3a4e c1b0077f 09bf25a27 3c91 ||
2025-09-28T15:29:16.370158Z  5720b71df89 e8b5c7def5 893a98e fbe1a a7268e314 394c43d6620 5ce37bced -- ca8eb 4dd7 == b8f0a e907e923aa 3ef94b55e657 171ea 07c0316512 cb494 04202e091 6797b3b14 9a94eac -- c00f7f
2025-09-28T15:29:16.391274Z  5d5676b72 8e71 138a ~~ 18d094f fa2323 3f4c 7d8eda619 5551 1ff7cf3ca91 94c879d416 37fa c32bf65 7d7961cd 7afc8db4f1 b4c08ce 7e65ef65 21cfd 4e5c5 f9d1293cae5 845d1830c8 -- 2c5b
2025-09-28T15:29:16.412311Z  b7564e771d1 2ae6ec67a0d2 d86c6b4a7 c09a1 f500a7ea10e 7286 e8079440 4ff9aced710b 71075912 4f262e 8282a 571524620 3140f 780a073c c7d2b 2980874a ## 9d8d efef8 bcf328f b1dee 32dcb89
2025-09-28T15:29:16.433243Z  b02632b92fc 6a5a849a56e 128a %% ae76f3ee168 dc132d 56511e8fd 1b60 3db964c959 932effe96 2b906bcee5 -- ad376c56ea :: d0b0d72ef28 0c866dcba d20dc9d1b e4f54a c02e87417302 851108e
2025-09-28T15:29:16.454288Z  22f0eb7a90a1 7860e30ada0 c863735837 2963179 4ad29c3 a99969c4a f7cc 77666728812 53da8424 3705b033 e1b19ef0bc9 f1fc8bb 46c912 f3a5e4319a2 6b87d0 bb81 bc8f b2e7370ae8 db3bbbe0
2025-09-28T15:29:16.475024Z  fd3f8267f41 bbd694d 71ebf839 668455842c9 b8d73 c1ecd74710ce e4ba1817 985dd9 2c6575bd ee0f 775ef2f 77228cb72934 9b23b11 5664c69d 6e61b13 b9bc7c3 83cb db687d47d04 6a0df cc81d5a786
2025-09-28T15:29:16.495999Z  ce8cee0 b796c90 4077b072fb 9b8ba40b9e 2fa2db1a479 a9ec4 3c295dd1872 88ed6837ffb d207fc1527bc 275e02 7a2cf9d6040 02d3 cd287 f15896114ed0 f5b3 e9fefc6 5054b2 f59929fe42 ac896744b4
2025-09-28T15:29:16.517128Z  8ea57010 dee2f 2f9924 ef90570e fdff85c09c 0af63921 a3d4d435742 8f5c9b3ac 1784013eab 80c7d2b fc2aece9 88ca179 26c0117 d315ba9 c37e70304ab4 e5782c610d 524fe f9597 51e8cb1 04b15051
2025-09-28T15:29:16.538217Z  2226b 10fb7b5fc8 a2d1ed 401e0568 27a1a41a7 fea1ed5fdb 92f4d2a633 2cf1ec7b4 15e5c7 1cac492b3e 54c0c42f3 5838e9 b806f -- 678e11 8981b470bff b338aa2f e9511 c781be fdbb871dbb b42a
2025-09-28T15:29:16.559000Z  96e49c 5a81a3721c3 e6beacc5564 cbf3b46133f6 4740d6 7679a1d7 2cee928d844 e75b68aa 91f327b :: 91a9f696 37e80707f79 5e61aad150d 6568 690ea511689 d32a9 6753 004b f6b2b 630f2b b201be
2025-09-28T15:29:16.579746Z  0651cc80f4d5 1ceacb2f8 835c5 2212 3a3b56946 6e8914d4 ee6f7 2fa0291 8d8e1d447aa f53b3 c9dec1eaeedf b091cc93ff eb05 71e46c37fa84 058fd0 9afe %% b5b39 df23ee e106d1ca620c 82f54346
2025-09-28T15:29:16.600690Z  ca0c8e707921 84fb796ba 51eb8da ad790887 ~~ 968002c0fc77 ccfed3c250e9 a06fea 29a73e2943c ccb66d700 f6e035c72b3d 7b32 95fe6 05d6e7fdef 565a991a1e9 5ddf29d1e0e 617cd6d1d35 9cb5b000
2025-09-28T15:29:16.621898Z  486695 68c7d4c66f ffc540929a0 4fd3104184 e62cb63c1f ea9a055aaa3 92b3ac ~~ 42bbd1b 828c1a82b4 d9b08e 0172ac180a eee3fcf4d1b5 2c9da5891c 0ba2 c504cb ece4fc cb7550a89cd 77e2b 6b4ba
2025-09-28T15:29:16.642778Z  5bd5586739 f6ed 1448a8b507cd 583017f 974aca 94c6180e e73ca33 8c5f7e888408 840efdf660 61e2c fc5fbb239c 6cc52063 19d3c3c ae9bf6 764cbc 88e5f9 d8bedf261fb 1cb416ed e478464 d0fe
2025-09-28T15:29:16.663499Z  b321fb25fb ad72a3a3d ## 4b6a8ce e4b6 cc273d3eb8 58ed33e2 ba722d4fd15 b6307a21d8e e200a1 20259e94a203 f5c8d4b7b27 ## ccdb37 983c ~~ 60b5aaa37 bf622497a6 ae12 6bac8d0cda 5c38193a
2025-09-28T15:29:16.684478Z  a4d7ff08c dd5eb 741951726c8 3fd2d5af 4d6d68 2e9e4a2255e 7bbaacdc503e e111 776c4 4981133 79c0c5b2d b88b22b 9f00a16fe 8accdf0 cc1df6 26612b2 4c21dc01ab bd1c5f1a2 || 21f651b2fd0
2025-09-28T15:29:16.705626Z  bbc84e4e62a9 efbe 09254 503f8cc3a afc63 a599ece5ae5 5785fe1a 220686eff045 36c121d 800aa605506 f69cd7 9fa5c 1fac22e a59ed3f4d 39537a4 == c5861d5c28 c3e3c5c cd9d2bb44 a6be999
2025-09-28T15:29:16.726860Z  121a11fc459 82132e0684 9d2cc85 81e0ba5ef40d 73c9f6d :: 2154b5 ea5ce07a3 282c 72bedae953 64a8ea72c 76b3 42435f2c0566 728d28 == 5f0acd72 553942aa e534 bbf58dc350b c9617b553 8d9af3
2025-09-28T15:29:16.747970Z  2102cd4 f72c05 5440 b08d1 da3ae0b04b9 1353b64818a 4f0b9 524f a100b880c58 e93624c815 9a2c cdf168d 064ddb224f -- e29bfa7b c218d86 61c2550b58d :: 046fb3582f61 7483e25853 b1caf27f7
2025-09-28T15:29:16.769131Z  64d0ed22 d17b266 cb6ad390 2a1d 24b6cc947 c5b39b05 :: 5348b 05c98 2f24a5191d0a 0371759661ed 15fe 3388bb67d26 1769 2f45c3f3 185f52e68d83 7c4de996a8d 59a1 0434d0a7e8 b64ef7b8c
2025-09-28T15:29:16.790056Z  3e91 7db12c3 7ecceaf61e 9af072 0d9a0 9fb7466 d05e36c8ec54 bffee e6312b6240 ea72549 3a251092e1d1 f531ee8f1d78 a29c f92f9682c ebc4f34ccc 08b2f60dd30e d76b0855 7385622652f8 5ea7ff2
2025-09-28T15:29:16.810929Z  b8c46 2b2a 02e724 fabd8ea146f 2ec4 07c44e4 e043 ## 0db1fc 38b1f39d4c84 06eaa 165c1bbd9a6c 6193088cb2b d3549644b 983cc937 49ad 52df547615 b190 3564214829a :: 4e651267a9a f3cb29c
2025-09-28T15:29:16.832600Z  25a3a12fc 6196a81f5 a2fa d96a 25467 f54935 147b039599d 93f6880e 1bff0ddde 3d80b036629b 761dfb36 1d5a91be8 9aec6d92 ea1696da c29b 0f31ee85f 05cff550 fc1db94987 fa4477de b1963b6d
2025-09-28T15:29:16.853539Z  90afd8e9e c6ecf66 df1649322e4 2da1587ee122 281e7bd9782 b2b48da394d0 340bf2bbc 00478 a9fc5e bad98255ae8 2e57894 b46405 50f457c 7a16d1457c1 93365e c5b5706 3b20514641f 1c253dc03a19
2025-09-28T15:29:16.874772Z  3773b3e6 bc380c25b 1aec 6c004c 946b5df93a27 82bc76 %% 3b4d07 f735211 2cbb10f86b 8259 || b13a0d231 0c1c9ba6bdd 53b212af4 66414fd342 50bb99c4098d %% e84a9 387b6630a726 33fd0 98ae2
2025-09-28T15:29:16.895778Z  1fcbb105e19 388b0 :: a68d5 ca64 97b8a9f 74591c4 d48859fc 1d4b674a 8907 5da79782 ~~ 94b6c8 95878989fc8 23aca3cc8c 2d1b0d26f1a 9b808451ed0d 8a34 cce69d 77134ddf057f c45f87c63c
2025-09-28T15:29:16.916984Z  3837317 3fdd3581 bad3ad5f 1da2 021761 7271f7990 62c150 4bcc14d0c3 ba5cfdfb8b7 a8fe86d7b a292cb d122fb9c0 46d237b709cc a09ac97 c0bdea ## 0b214e73 df8a765e6 53695a2d9 5bbe99e585
2025-09-28T15:29:16.938014Z  b3c09bf705e 3c101b :: ba9ed83be 1b82d39069 910ce67a92 227eaef1 4c29e518225f da8b115 01f1561c4 ad3b e85896d :: 4c2b4fc %% 59a7622 f2074c9a89 44234e fe849e 1f1c7640670 2694dd22
2025-09-28T15:29:16.959098Z  8ed76be261 2f1d 7bade5 -- c3ad8298b7 72fb1782f603 6e8f cd771868af d7de6645dd9 86e4daa79dc e35be3c ## c65702 8b0b6ceff3d 6277e f555ea f9459e1f2e63 b759 2e3529f5 03abbd 04fcb39
2025-09-28T15:29:16.979976Z  691b6ad 6d1017f4c 1be3a 3a9ff11 534873cdb7 1a3f4c e46d 358e4 3d772eca03a 22a219 3f5a26a40 4cba c8a87 c01dd2e f3d1d9 6fc52dfc932 a059e d85246de99 0361468386 12d896f6 bf7d8d3bd
2025-09-28T15:29:17.000875Z  9d1f265 :: 71e76be6c 5d89a 02b1c552 9ba61c 3b5ab98 f5e2e3572d6e 48f6b593340f 478a 896a d7b6e 53b3f1db3d 1ce97711c1 d99219 2ecf4e57 09bb4a853942 d509cc58e5b5 ea9497c309 0a3f
2025-09-28T15:29:17.021952Z  2758a6b4941 1ab010e8 e8d9543 75400d1 87cab26 46ac01ee0 c277 9e6e4d b2c4a24f d1e5cc0a6f4 93af c18600712b2b 16d54 c0a1e447 bffb2b5ebbe %% c1e97454449 f46b2109ae0 %% 7bb28 a74d7cfd
2025-09-28T15:29:17.042716Z  ff895 4f0d111696 1724 12e7afcf51ab a9d5c2c c409ef5885 fcc33a 61cbae9 2b9677a e729e9d84 78863375 35753288 4574ec8dd40 8640 e44a75dd311 f2f8c bded4 c4021d65b cb1895af9be || 34e9ad
2025-09-28T15:29:17.063662Z  a90ab a337bb39331 d8b85cfc16 9b1c2e 3125 016954 c96d7 a1f0 5ca6 ff17d78d eec61647c 93f91e7a 391d 534dd9ccdfe9 198ef57 048c04e8a1 7fb6 deda42 f971 61b8489a 35bf05c 44807a 32ae
2025-09-28T15:29:17.084599Z  32385 8334efc c2091 f9598e870 c3e3f0a17 6664cb c85bfb371 7018c3f7 a1b7 ec24 d2478e8 -- 7113 5eece22e9 8587c68309c 4844db4b0b6 963250ab3b59 a1161 7d2f15212c3 ~~ 283f e58c778b
2025-09-28T15:29:17.105534Z  4bf900772 6f807604e36 9e43b22af795 %% fb2f0c5b2 b612 3e076652f8 059c 61472f 44d8a 9d5193ffbe 521f6f 7767f32 9b43150cd c16cf9c :: a5be == 7c53 b81d554c7ad d6d7f268925c d404adc8
2025-09-28T15:29:17.126525Z  bdb04fe d496 f8acf55 0175cb39 ab11f8cb189b 5b91d79240c 8c73 944ec9ef7 895fa389a96 19960cc bda73e9d8 27747a42 8b74b e8f3efb6264 5aafe6258320 79b42f 099e68b be4efe715 412f 15cd0b7
2025-09-28T15:29:17.147538Z  4161c3012 -- 67b1d c8bce f7ec8 2f22118e6 7a6d11b7702b 476a6 3aaf009009c3 a05f9a8 2d191 a0d7309 f3281c968b ## 3e0c37bbe8f 26e40e0ffb9f b6740 2835df ad52 05b9da5 e60cbeac d137fa44
2025-09-28T15:29:17.168380Z  3db75 fae9ea586 9bacd8c3884 3f2a0416beae 70d7ff232577 4e6168 8af461f57957 7f2b7fcdd4f 9d38208 d127344 == ca2fbf0f4582 be4d4c560a3 bd155850f b6e1d546afe :: 86c7d 037a3444c 305b51
2025-09-28T15:29:17.189370Z  bcb90 %% fb0c84 1d75b5a41 1d32063 1db8b34ec8 c792ee74a6 96f91 2e48149f 1a4978884653 7fecb3197 0d2f9eb5766 345f b1983db9df 532ef76f0 55306287b174 17eb6eea80e4 c48d00257bf 4c82e4a
2025-09-28T15:29:17.210366Z  0364 %% 7faba 91101b425cf 3aa2e74cb021 cfdd17 4cba669d80a 31bde7ed3 88dd2e3 f2c84bed6 3549f8b 676e 8060fc13c9 || 5c6defdb29 104b58064e54 78b7185bc3 ea21c7 83dcf626 d9041f47b
2025-09-28T15:29:17.231498Z  71249c91271f 6dbb88e bd3ff6 a16110bb f110a21 a85f1529 3f4b8f2280 867dceb565f c19748 1965 7aee002b95 d80250ca300f 283ddae43 b80554c 7d318a b69b818a ad2ae39a1a 25a5140 c861465
2025-09-28T15:29:17.252287Z  9d2fcd 5eb3b7 2bb6e316a02 3068 0a18f39529 1e5f1547c9 3d12aff5 c45454 58950498 e93fa b0bc340 2070f723a11a 33feaa8 aaa1e4d 589b99bbf fe0a %% 512e5a2e 13f7c 4456d7 5c5029ee21 ##
2025-09-28T15:29:17.273465Z  4c82d :: 83fc17 beb362d80 3e7ffae51500 7b5013f e2020 72cc2643c3d %% 825f66 f8b695a 422c50e6d896 c443fd49a 3ed306 c321 40d8dcc0 f6a002 fc6e 1123 110cefe959 96c1 eef151 0465 47d93
2025-09-28T15:29:17.294546Z  11784338f 4779cdfc8a c678ce808 d8f0f 2739d cd5e4 46911ba64 6447d330399 b46f02a50 74b48a d57c49b1f12 fe60d5807b0 fc4c35e2b238 a1a787d ee8cd85411b da42363 477dcfc6e730 8fd6e0e2932
2025-09-28T15:29:17.315700Z  ed66 0ffba541571 %% 534c6927 8496 408309785 58936 0627a2 42fc 7d7289ae21 b3ed88f81c 317c6 b4c1b098 57d06e756cc7 ae12d0 -- 39efde16 41ce6a0 5b0d6d4 75da0c5ca3bf a094e1dd4e 3501f7
2025-09-28T15:29:17.336479Z  a0e2d3e1fd0 fceb976c063 9ef94437 0da730ac02d e6aeae2587 5dc73873f02f c3e856ec 0538c9e09 585971d73 88af403e 6485 7d4c3c3 c07202d69b43 145d0c d10f5622870 40c762dc cf8f28f3a5a
2025-09-28T15:29:17.357596Z  c1b0e928 976960 7f5e1c54b 4bda2475385 126b6f88e1 f0e3bb66315c 278cd0fffc1 a3ed4126f7 679cbb8c47 1d8aa63ad 007637faacf aaeb949504 fece0713a b6f6fb 879b4487 42410f8c551 9135 f3db0
2025-09-28T15:29:17.378852Z  aa7cec198dda b8fab402cf0 == fef3b5b4e befc739 d937f ac2af f7ab2 551941eec af1eca 86cd1b13bdfe 00e42d4f61 99c882 d826572e b4bd731b8c4 39a225363fb 67c6 ceb02 68211f5 -- 9b1485
2025-09-28T15:29:17.400067Z  826e7 bb1df 2ba3e 6e5c6df2 2820 4a2ffcb 8fc48ed38d5 3d9ae2e f87158c b62fde 4d2968489f61 591f 43e35 d7752 353bc a9c5b ba0a44f6 02126b9081eb 4b0589b e57bb0 1df2a27 f6152b2c6 1e55d
2025-09-28T15:29:17.421345Z  982bea5 17d8 54aea0 6e716d950779 09b6314 20308bd0fc1 2590aa2a 17db456e75c 182cbfade9 3a922095 ef74453a0f56 28c039da2 078c7f66 6bdea a96e9620e5 01f5977 :: 19f2 83b4f7781d10 302f4
2025-09-28T15:29:17.442683Z  99e805f ef48e97e55 c781f64109c6 67a40369d117 8f7c 89e4a9f6ebe 547bae946 ab2dd3c 72e6 e7276 7b20a9c2a5 4c33f2732810 634e1c557051 f3f4a7351 8de2024 d1d75532 9dcd705 e796c5 5121ea0
2025-09-28T15:29:17.463919Z  2d0095 %% 26de70 81be92b6ba f6a55 fb9a3be1e a9074275 db919d 0061167d6e8 531eb7 8c0c6441 659888279 60664 99fc87 c0c003 805067a7 b32af 536e3 6cc1cfa 46790066f5fa 8aa7abec9d4 ab6b7
2025-09-28T15:29:17.484469Z  [STREAM] [SYNC] [OK]
2025-09-28T15:29:17.505271Z  [STREAM] [SYNC] [OK]
2025-09-28T15:29:17.525944Z  [STREAM] [SYNC] [OK]
2025-09-28T15:29:17.546525Z  startup: complete
2025-09-28T15:29:17.546937Z  main: loop start
2025-09-28T15:29:23.523997Z  theme: open
2025-09-28T15:29:29.287999Z  theme: open
2025-09-28T15:29:31.263977Z  theme:set cyan
2025-09-28T15:29:34.267046Z  theme: open
2025-09-28T15:29:35.633876Z  theme:set green
2025-09-28T15:29:38.202400Z  privacy:set True
2025-09-28T15:29:38.202806Z  privacy: enabled but cryptography unavailable
2025-09-28T15:29:41.484019Z  firewall:set True
2025-09-28T15:29:45.631469Z  firewall-apply-exc: Command '['powershell', '-Command', "New-NetFirewallRule -DisplayName 'ZoxxerBlock9999' -Direction Inbound -Action Block -LocalPort 9999 -Protocol TCP"]' returned non-zero exit status 1.
2025-09-28T15:29:47.762146Z  patch-check:start
2025-09-28T15:29:47.762455Z  patch-step: Contacting update feeds
2025-09-28T15:29:48.563326Z  patch-step: Evaluating installed packages
2025-09-28T15:29:49.364194Z  patch-step: Checking patches
2025-09-28T15:29:50.165057Z  patch-step: Finalizing
2025-09-28T15:29:50.966182Z  patch-check: complete
2025-09-28T15:29:52.141615Z  netmon:set True
2025-09-28T15:29:52.143005Z  netmon: started
2025-09-28T15:29:52.322381Z  netmon(netstat): listen=57 estab=79
2025-09-28T15:29:53.496148Z  netmon(netstat): listen=57 estab=79
2025-09-28T15:29:54.670466Z  netmon(netstat): listen=57 estab=79
2025-09-28T15:29:55.852273Z  netmon(netstat): listen=57 estab=79
2025-09-28T15:29:57.034500Z  netmon(netstat): listen=57 estab=79
2025-09-28T15:29:58.219239Z  netmon(netstat): listen=57 estab=79
